{"/Users/amandusbutzer/Workspaces/Leaflet.Heightgraph/src/L.Control.Heightgraph.js": {"path":"/Users/amandusbutzer/Workspaces/Leaflet.Heightgraph/src/L.Control.Heightgraph.js","statementMap":{"0":{"start":{"line":1,"column":0},"end":{"line":997,"column":3}},"1":{"start":{"line":28,"column":8},"end":{"line":28,"column":44}},"2":{"start":{"line":29,"column":8},"end":{"line":29,"column":41}},"3":{"start":{"line":30,"column":8},"end":{"line":30,"column":43}},"4":{"start":{"line":31,"column":8},"end":{"line":31,"column":47}},"5":{"start":{"line":32,"column":8},"end":{"line":32,"column":78}},"6":{"start":{"line":33,"column":8},"end":{"line":33,"column":80}},"7":{"start":{"line":34,"column":8},"end":{"line":34,"column":32}},"8":{"start":{"line":35,"column":8},"end":{"line":35,"column":76}},"9":{"start":{"line":38,"column":24},"end":{"line":38,"column":80}},"10":{"start":{"line":39,"column":8},"end":{"line":39,"column":54}},"11":{"start":{"line":40,"column":30},"end":{"line":40,"column":101}},"12":{"start":{"line":41,"column":21},"end":{"line":41,"column":86}},"13":{"start":{"line":42,"column":28},"end":{"line":42,"column":106}},"14":{"start":{"line":43,"column":8},"end":{"line":43,"column":32}},"15":{"start":{"line":44,"column":8},"end":{"line":44,"column":27}},"16":{"start":{"line":45,"column":8},"end":{"line":45,"column":29}},"17":{"start":{"line":46,"column":20},"end":{"line":49,"column":94}},"18":{"start":{"line":50,"column":8},"end":{"line":50,"column":25}},"19":{"start":{"line":53,"column":8},"end":{"line":53,"column":42}},"20":{"start":{"line":54,"column":8},"end":{"line":54,"column":31}},"21":{"start":{"line":55,"column":8},"end":{"line":55,"column":30}},"22":{"start":{"line":62,"column":8},"end":{"line":65,"column":9}},"23":{"start":{"line":63,"column":12},"end":{"line":64,"column":26}},"24":{"start":{"line":66,"column":8},"end":{"line":66,"column":26}},"25":{"start":{"line":67,"column":8},"end":{"line":67,"column":29}},"26":{"start":{"line":68,"column":8},"end":{"line":68,"column":28}},"27":{"start":{"line":69,"column":8},"end":{"line":69,"column":29}},"28":{"start":{"line":70,"column":8},"end":{"line":70,"column":29}},"29":{"start":{"line":71,"column":8},"end":{"line":71,"column":27}},"30":{"start":{"line":72,"column":8},"end":{"line":72,"column":48}},"31":{"start":{"line":73,"column":8},"end":{"line":73,"column":62}},"32":{"start":{"line":73,"column":35},"end":{"line":73,"column":62}},"33":{"start":{"line":74,"column":8},"end":{"line":74,"column":48}},"34":{"start":{"line":74,"column":33},"end":{"line":74,"column":48}},"35":{"start":{"line":77,"column":8},"end":{"line":81,"column":9}},"36":{"start":{"line":78,"column":12},"end":{"line":78,"column":64}},"37":{"start":{"line":80,"column":12},"end":{"line":80,"column":80}},"38":{"start":{"line":82,"column":8},"end":{"line":82,"column":65}},"39":{"start":{"line":83,"column":8},"end":{"line":83,"column":70}},"40":{"start":{"line":87,"column":8},"end":{"line":87,"column":34}},"41":{"start":{"line":88,"column":8},"end":{"line":88,"column":35}},"42":{"start":{"line":89,"column":8},"end":{"line":89,"column":32}},"43":{"start":{"line":90,"column":8},"end":{"line":90,"column":34}},"44":{"start":{"line":96,"column":8},"end":{"line":98,"column":9}},"45":{"start":{"line":97,"column":12},"end":{"line":97,"column":19}},"46":{"start":{"line":99,"column":30},"end":{"line":99,"column":89}},"47":{"start":{"line":100,"column":19},"end":{"line":100,"column":71}},"48":{"start":{"line":101,"column":17},"end":{"line":101,"column":69}},"49":{"start":{"line":102,"column":8},"end":{"line":116,"column":9}},"50":{"start":{"line":103,"column":22},"end":{"line":103,"column":74}},"51":{"start":{"line":104,"column":12},"end":{"line":104,"column":49}},"52":{"start":{"line":105,"column":12},"end":{"line":112,"column":49}},"53":{"start":{"line":114,"column":12},"end":{"line":115,"column":31}},"54":{"start":{"line":122,"column":8},"end":{"line":126,"column":9}},"55":{"start":{"line":123,"column":12},"end":{"line":123,"column":42}},"56":{"start":{"line":124,"column":12},"end":{"line":124,"column":40}},"57":{"start":{"line":125,"column":12},"end":{"line":125,"column":39}},"58":{"start":{"line":132,"column":8},"end":{"line":137,"column":9}},"59":{"start":{"line":133,"column":12},"end":{"line":133,"column":41}},"60":{"start":{"line":134,"column":12},"end":{"line":134,"column":37}},"61":{"start":{"line":135,"column":12},"end":{"line":135,"column":30}},"62":{"start":{"line":136,"column":12},"end":{"line":136,"column":19}},"63":{"start":{"line":138,"column":22},"end":{"line":138,"column":66}},"64":{"start":{"line":139,"column":20},"end":{"line":139,"column":66}},"65":{"start":{"line":140,"column":8},"end":{"line":140,"column":39}},"66":{"start":{"line":141,"column":8},"end":{"line":141,"column":37}},"67":{"start":{"line":142,"column":8},"end":{"line":142,"column":33}},"68":{"start":{"line":145,"column":8},"end":{"line":145,"column":34}},"69":{"start":{"line":146,"column":8},"end":{"line":146,"column":35}},"70":{"start":{"line":147,"column":8},"end":{"line":147,"column":33}},"71":{"start":{"line":148,"column":8},"end":{"line":148,"column":66}},"72":{"start":{"line":154,"column":8},"end":{"line":156,"column":9}},"73":{"start":{"line":155,"column":12},"end":{"line":155,"column":53}},"74":{"start":{"line":157,"column":26},"end":{"line":157,"column":76}},"75":{"start":{"line":158,"column":8},"end":{"line":162,"column":11}},"76":{"start":{"line":159,"column":12},"end":{"line":161,"column":13}},"77":{"start":{"line":160,"column":16},"end":{"line":160,"column":48}},"78":{"start":{"line":163,"column":8},"end":{"line":163,"column":27}},"79":{"start":{"line":169,"column":22},"end":{"line":169,"column":46}},"80":{"start":{"line":169,"column":54},"end":{"line":169,"column":78}},"81":{"start":{"line":171,"column":8},"end":{"line":175,"column":9}},"82":{"start":{"line":172,"column":12},"end":{"line":172,"column":89}},"83":{"start":{"line":174,"column":12},"end":{"line":174,"column":91}},"84":{"start":{"line":176,"column":8},"end":{"line":176,"column":33}},"85":{"start":{"line":182,"column":8},"end":{"line":198,"column":9}},"86":{"start":{"line":183,"column":12},"end":{"line":184,"column":42}},"87":{"start":{"line":185,"column":12},"end":{"line":187,"column":43}},"88":{"start":{"line":188,"column":12},"end":{"line":189,"column":43}},"89":{"start":{"line":191,"column":12},"end":{"line":192,"column":43}},"90":{"start":{"line":193,"column":12},"end":{"line":195,"column":42}},"91":{"start":{"line":196,"column":12},"end":{"line":197,"column":42}},"92":{"start":{"line":199,"column":8},"end":{"line":199,"column":43}},"93":{"start":{"line":200,"column":8},"end":{"line":202,"column":9}},"94":{"start":{"line":201,"column":12},"end":{"line":201,"column":57}},"95":{"start":{"line":208,"column":8},"end":{"line":225,"column":9}},"96":{"start":{"line":210,"column":12},"end":{"line":211,"column":26}},"97":{"start":{"line":213,"column":12},"end":{"line":214,"column":26}},"98":{"start":{"line":216,"column":12},"end":{"line":217,"column":26}},"99":{"start":{"line":219,"column":12},"end":{"line":220,"column":26}},"100":{"start":{"line":221,"column":12},"end":{"line":222,"column":26}},"101":{"start":{"line":223,"column":12},"end":{"line":224,"column":26}},"102":{"start":{"line":230,"column":26},"end":{"line":230,"column":65}},"103":{"start":{"line":256,"column":8},"end":{"line":256,"column":27}},"104":{"start":{"line":257,"column":8},"end":{"line":257,"column":39}},"105":{"start":{"line":258,"column":8},"end":{"line":258,"column":38}},"106":{"start":{"line":259,"column":8},"end":{"line":259,"column":40}},"107":{"start":{"line":260,"column":8},"end":{"line":260,"column":43}},"108":{"start":{"line":261,"column":8},"end":{"line":261,"column":34}},"109":{"start":{"line":262,"column":21},"end":{"line":262,"column":31}},"110":{"start":{"line":263,"column":28},"end":{"line":263,"column":30}},"111":{"start":{"line":265,"column":8},"end":{"line":268,"column":9}},"112":{"start":{"line":266,"column":33},"end":{"line":266,"column":71}},"113":{"start":{"line":267,"column":12},"end":{"line":267,"column":90}},"114":{"start":{"line":269,"column":8},"end":{"line":358,"column":9}},"115":{"start":{"line":269,"column":21},"end":{"line":269,"column":22}},"116":{"start":{"line":270,"column":30},"end":{"line":270,"column":31}},"117":{"start":{"line":271,"column":12},"end":{"line":271,"column":41}},"118":{"start":{"line":272,"column":12},"end":{"line":275,"column":14}},"119":{"start":{"line":276,"column":12},"end":{"line":276,"column":51}},"120":{"start":{"line":277,"column":12},"end":{"line":277,"column":52}},"121":{"start":{"line":278,"column":12},"end":{"line":278,"column":52}},"122":{"start":{"line":279,"column":12},"end":{"line":279,"column":48}},"123":{"start":{"line":280,"column":25},"end":{"line":280,"column":26}},"124":{"start":{"line":281,"column":31},"end":{"line":281,"column":33}},"125":{"start":{"line":282,"column":12},"end":{"line":354,"column":13}},"126":{"start":{"line":285,"column":33},"end":{"line":285,"column":35}},"127":{"start":{"line":286,"column":37},"end":{"line":286,"column":84}},"128":{"start":{"line":288,"column":38},"end":{"line":288,"column":82}},"129":{"start":{"line":291,"column":16},"end":{"line":303,"column":17}},"130":{"start":{"line":292,"column":20},"end":{"line":299,"column":21}},"131":{"start":{"line":293,"column":24},"end":{"line":293,"column":45}},"132":{"start":{"line":294,"column":24},"end":{"line":294,"column":58}},"133":{"start":{"line":296,"column":24},"end":{"line":296,"column":45}},"134":{"start":{"line":297,"column":24},"end":{"line":297,"column":46}},"135":{"start":{"line":298,"column":24},"end":{"line":298,"column":58}},"136":{"start":{"line":301,"column":20},"end":{"line":301,"column":90}},"137":{"start":{"line":302,"column":20},"end":{"line":302,"column":92}},"138":{"start":{"line":304,"column":34},"end":{"line":306,"column":17}},"139":{"start":{"line":307,"column":16},"end":{"line":307,"column":67}},"140":{"start":{"line":309,"column":16},"end":{"line":311,"column":17}},"141":{"start":{"line":310,"column":20},"end":{"line":310,"column":78}},"142":{"start":{"line":312,"column":16},"end":{"line":351,"column":17}},"143":{"start":{"line":312,"column":29},"end":{"line":312,"column":30}},"144":{"start":{"line":313,"column":20},"end":{"line":313,"column":135}},"145":{"start":{"line":314,"column":20},"end":{"line":314,"column":78}},"146":{"start":{"line":317,"column":20},"end":{"line":334,"column":21}},"147":{"start":{"line":318,"column":24},"end":{"line":318,"column":147}},"148":{"start":{"line":319,"column":24},"end":{"line":319,"column":64}},"149":{"start":{"line":321,"column":24},"end":{"line":321,"column":50}},"150":{"start":{"line":322,"column":24},"end":{"line":326,"column":25}},"151":{"start":{"line":323,"column":28},"end":{"line":323,"column":68}},"152":{"start":{"line":324,"column":28},"end":{"line":324,"column":64}},"153":{"start":{"line":325,"column":28},"end":{"line":325,"column":73}},"154":{"start":{"line":327,"column":24},"end":{"line":327,"column":33}},"155":{"start":{"line":328,"column":27},"end":{"line":334,"column":21}},"156":{"start":{"line":329,"column":24},"end":{"line":332,"column":25}},"157":{"start":{"line":330,"column":28},"end":{"line":330,"column":68}},"158":{"start":{"line":331,"column":28},"end":{"line":331,"column":64}},"159":{"start":{"line":333,"column":24},"end":{"line":333,"column":33}},"160":{"start":{"line":337,"column":20},"end":{"line":341,"column":21}},"161":{"start":{"line":338,"column":24},"end":{"line":338,"column":67}},"162":{"start":{"line":340,"column":24},"end":{"line":340,"column":71}},"163":{"start":{"line":342,"column":20},"end":{"line":350,"column":23}},"164":{"start":{"line":352,"column":16},"end":{"line":352,"column":68}},"165":{"start":{"line":353,"column":16},"end":{"line":353,"column":66}},"166":{"start":{"line":355,"column":12},"end":{"line":357,"column":13}},"167":{"start":{"line":356,"column":16},"end":{"line":356,"column":58}},"168":{"start":{"line":364,"column":20},"end":{"line":364,"column":81}},"169":{"start":{"line":365,"column":20},"end":{"line":365,"column":81}},"170":{"start":{"line":366,"column":25},"end":{"line":366,"column":102}},"171":{"start":{"line":367,"column":8},"end":{"line":367,"column":129}},"172":{"start":{"line":368,"column":8},"end":{"line":368,"column":90}},"173":{"start":{"line":377,"column":27},"end":{"line":377,"column":59}},"174":{"start":{"line":378,"column":28},"end":{"line":378,"column":45}},"175":{"start":{"line":379,"column":8},"end":{"line":401,"column":9}},"176":{"start":{"line":380,"column":28},"end":{"line":380,"column":78}},"177":{"start":{"line":381,"column":12},"end":{"line":386,"column":33}},"178":{"start":{"line":387,"column":12},"end":{"line":388,"column":53}},"179":{"start":{"line":389,"column":12},"end":{"line":390,"column":39}},"180":{"start":{"line":391,"column":12},"end":{"line":392,"column":40}},"181":{"start":{"line":393,"column":12},"end":{"line":394,"column":40}},"182":{"start":{"line":395,"column":27},"end":{"line":395,"column":98}},"183":{"start":{"line":396,"column":12},"end":{"line":400,"column":60}},"184":{"start":{"line":402,"column":8},"end":{"line":402,"column":62}},"185":{"start":{"line":403,"column":8},"end":{"line":407,"column":39}},"186":{"start":{"line":408,"column":8},"end":{"line":409,"column":39}},"187":{"start":{"line":410,"column":8},"end":{"line":412,"column":35}},"188":{"start":{"line":413,"column":8},"end":{"line":416,"column":58}},"189":{"start":{"line":417,"column":8},"end":{"line":420,"column":58}},"190":{"start":{"line":421,"column":25},"end":{"line":421,"column":62}},"191":{"start":{"line":423,"column":26},"end":{"line":423,"column":61}},"192":{"start":{"line":424,"column":8},"end":{"line":426,"column":39}},"193":{"start":{"line":432,"column":20},"end":{"line":432,"column":56}},"194":{"start":{"line":433,"column":8},"end":{"line":433,"column":59}},"195":{"start":{"line":434,"column":8},"end":{"line":436,"column":9}},"196":{"start":{"line":434,"column":21},"end":{"line":434,"column":22}},"197":{"start":{"line":435,"column":12},"end":{"line":435,"column":48}},"198":{"start":{"line":437,"column":8},"end":{"line":437,"column":28}},"199":{"start":{"line":438,"column":8},"end":{"line":438,"column":33}},"200":{"start":{"line":439,"column":8},"end":{"line":439,"column":36}},"201":{"start":{"line":440,"column":8},"end":{"line":440,"column":29}},"202":{"start":{"line":441,"column":8},"end":{"line":441,"column":37}},"203":{"start":{"line":447,"column":28},"end":{"line":447,"column":55}},"204":{"start":{"line":448,"column":29},"end":{"line":448,"column":31}},"205":{"start":{"line":449,"column":8},"end":{"line":452,"column":9}},"206":{"start":{"line":450,"column":12},"end":{"line":450,"column":33}},"207":{"start":{"line":451,"column":12},"end":{"line":451,"column":42}},"208":{"start":{"line":453,"column":8},"end":{"line":454,"column":39}},"209":{"start":{"line":456,"column":8},"end":{"line":459,"column":37}},"210":{"start":{"line":461,"column":8},"end":{"line":465,"column":56}},"211":{"start":{"line":467,"column":8},"end":{"line":471,"column":57}},"212":{"start":{"line":473,"column":8},"end":{"line":477,"column":62}},"213":{"start":{"line":479,"column":8},"end":{"line":483,"column":52}},"214":{"start":{"line":484,"column":8},"end":{"line":485,"column":36}},"215":{"start":{"line":486,"column":8},"end":{"line":487,"column":36}},"216":{"start":{"line":488,"column":23},"end":{"line":488,"column":64}},"217":{"start":{"line":489,"column":8},"end":{"line":491,"column":38}},"218":{"start":{"line":492,"column":8},"end":{"line":493,"column":40}},"219":{"start":{"line":494,"column":8},"end":{"line":496,"column":62}},"220":{"start":{"line":497,"column":8},"end":{"line":498,"column":36}},"221":{"start":{"line":499,"column":8},"end":{"line":500,"column":36}},"222":{"start":{"line":506,"column":21},"end":{"line":506,"column":25}},"223":{"start":{"line":507,"column":8},"end":{"line":513,"column":38}},"224":{"start":{"line":514,"column":8},"end":{"line":518,"column":35}},"225":{"start":{"line":520,"column":29},"end":{"line":529,"column":9}},"226":{"start":{"line":530,"column":26},"end":{"line":533,"column":9}},"227":{"start":{"line":531,"column":12},"end":{"line":531,"column":59}},"228":{"start":{"line":532,"column":12},"end":{"line":532,"column":72}},"229":{"start":{"line":535,"column":24},"end":{"line":555,"column":9}},"230":{"start":{"line":536,"column":25},"end":{"line":536,"column":40}},"231":{"start":{"line":537,"column":25},"end":{"line":537,"column":58}},"232":{"start":{"line":538,"column":12},"end":{"line":541,"column":61}},"233":{"start":{"line":539,"column":36},"end":{"line":541,"column":59}},"234":{"start":{"line":542,"column":12},"end":{"line":544,"column":76}},"235":{"start":{"line":545,"column":12},"end":{"line":549,"column":13}},"236":{"start":{"line":546,"column":16},"end":{"line":546,"column":45}},"237":{"start":{"line":548,"column":16},"end":{"line":548,"column":71}},"238":{"start":{"line":550,"column":12},"end":{"line":552,"column":111}},"239":{"start":{"line":553,"column":12},"end":{"line":553,"column":46}},"240":{"start":{"line":554,"column":12},"end":{"line":554,"column":61}},"241":{"start":{"line":557,"column":24},"end":{"line":564,"column":9}},"242":{"start":{"line":558,"column":12},"end":{"line":559,"column":38}},"243":{"start":{"line":560,"column":12},"end":{"line":561,"column":38}},"244":{"start":{"line":562,"column":12},"end":{"line":562,"column":46}},"245":{"start":{"line":563,"column":12},"end":{"line":563,"column":61}},"246":{"start":{"line":566,"column":31},"end":{"line":572,"column":90}},"247":{"start":{"line":568,"column":45},"end":{"line":568,"column":51}},"248":{"start":{"line":568,"column":63},"end":{"line":568,"column":69}},"249":{"start":{"line":569,"column":36},"end":{"line":569,"column":96}},"250":{"start":{"line":570,"column":29},"end":{"line":570,"column":33}},"251":{"start":{"line":571,"column":32},"end":{"line":571,"column":39}},"252":{"start":{"line":578,"column":8},"end":{"line":594,"column":9}},"253":{"start":{"line":579,"column":12},"end":{"line":593,"column":13}},"254":{"start":{"line":582,"column":16},"end":{"line":582,"column":55}},"255":{"start":{"line":583,"column":16},"end":{"line":588,"column":17}},"256":{"start":{"line":584,"column":20},"end":{"line":587,"column":49}},"257":{"start":{"line":589,"column":16},"end":{"line":590,"column":31}},"258":{"start":{"line":592,"column":16},"end":{"line":592,"column":97}},"259":{"start":{"line":600,"column":8},"end":{"line":602,"column":9}},"260":{"start":{"line":601,"column":12},"end":{"line":601,"column":56}},"261":{"start":{"line":609,"column":26},"end":{"line":609,"column":68}},"262":{"start":{"line":610,"column":27},"end":{"line":610,"column":54}},"263":{"start":{"line":611,"column":27},"end":{"line":611,"column":54}},"264":{"start":{"line":612,"column":23},"end":{"line":612,"column":35}},"265":{"start":{"line":612,"column":45},"end":{"line":612,"column":97}},"266":{"start":{"line":613,"column":21},"end":{"line":613,"column":74}},"267":{"start":{"line":614,"column":8},"end":{"line":615,"column":31}},"268":{"start":{"line":616,"column":8},"end":{"line":617,"column":32}},"269":{"start":{"line":618,"column":8},"end":{"line":618,"column":57}},"270":{"start":{"line":619,"column":8},"end":{"line":619,"column":49}},"271":{"start":{"line":620,"column":8},"end":{"line":628,"column":9}},"272":{"start":{"line":621,"column":12},"end":{"line":623,"column":62}},"273":{"start":{"line":623,"column":33},"end":{"line":623,"column":60}},"274":{"start":{"line":625,"column":12},"end":{"line":627,"column":62}},"275":{"start":{"line":627,"column":33},"end":{"line":627,"column":60}},"276":{"start":{"line":629,"column":8},"end":{"line":631,"column":9}},"277":{"start":{"line":630,"column":12},"end":{"line":630,"column":51}},"278":{"start":{"line":632,"column":8},"end":{"line":634,"column":39}},"279":{"start":{"line":634,"column":29},"end":{"line":634,"column":37}},"280":{"start":{"line":635,"column":8},"end":{"line":637,"column":9}},"281":{"start":{"line":636,"column":12},"end":{"line":636,"column":51}},"282":{"start":{"line":638,"column":8},"end":{"line":640,"column":22}},"283":{"start":{"line":646,"column":27},"end":{"line":656,"column":70}},"284":{"start":{"line":657,"column":8},"end":{"line":668,"column":9}},"285":{"start":{"line":658,"column":12},"end":{"line":660,"column":78}},"286":{"start":{"line":661,"column":12},"end":{"line":661,"column":83}},"287":{"start":{"line":663,"column":12},"end":{"line":666,"column":68}},"288":{"start":{"line":667,"column":12},"end":{"line":667,"column":82}},"289":{"start":{"line":674,"column":8},"end":{"line":679,"column":33}},"290":{"start":{"line":680,"column":8},"end":{"line":685,"column":33}},"291":{"start":{"line":686,"column":8},"end":{"line":689,"column":31}},"292":{"start":{"line":690,"column":8},"end":{"line":693,"column":31}},"293":{"start":{"line":699,"column":18},"end":{"line":699,"column":68}},"294":{"start":{"line":700,"column":21},"end":{"line":700,"column":25}},"295":{"start":{"line":701,"column":21},"end":{"line":705,"column":81}},"296":{"start":{"line":702,"column":40},"end":{"line":702,"column":59}},"297":{"start":{"line":703,"column":12},"end":{"line":703,"column":55}},"298":{"start":{"line":704,"column":12},"end":{"line":704,"column":38}},"299":{"start":{"line":705,"column":39},"end":{"line":705,"column":58}},"300":{"start":{"line":706,"column":8},"end":{"line":707,"column":35}},"301":{"start":{"line":708,"column":8},"end":{"line":712,"column":45}},"302":{"start":{"line":716,"column":8},"end":{"line":717,"column":28}},"303":{"start":{"line":721,"column":8},"end":{"line":722,"column":28}},"304":{"start":{"line":728,"column":21},"end":{"line":728,"column":25}},"305":{"start":{"line":729,"column":20},"end":{"line":729,"column":60}},"306":{"start":{"line":730,"column":23},"end":{"line":730,"column":35}},"307":{"start":{"line":730,"column":45},"end":{"line":730,"column":97}},"308":{"start":{"line":731,"column":21},"end":{"line":731,"column":74}},"309":{"start":{"line":732,"column":30},"end":{"line":748,"column":9}},"310":{"start":{"line":749,"column":30},"end":{"line":753,"column":14}},"311":{"start":{"line":750,"column":75},"end":{"line":750,"column":81}},"312":{"start":{"line":750,"column":107},"end":{"line":750,"column":167}},"313":{"start":{"line":750,"column":185},"end":{"line":750,"column":189}},"314":{"start":{"line":750,"column":210},"end":{"line":750,"column":217}},"315":{"start":{"line":751,"column":16},"end":{"line":751,"column":64}},"316":{"start":{"line":751,"column":52},"end":{"line":751,"column":64}},"317":{"start":{"line":752,"column":16},"end":{"line":752,"column":62}},"318":{"start":{"line":752,"column":51},"end":{"line":752,"column":62}},"319":{"start":{"line":754,"column":32},"end":{"line":771,"column":9}},"320":{"start":{"line":755,"column":25},"end":{"line":755,"column":54}},"321":{"start":{"line":756,"column":25},"end":{"line":760,"column":13}},"322":{"start":{"line":761,"column":12},"end":{"line":761,"column":66}},"323":{"start":{"line":761,"column":37},"end":{"line":761,"column":66}},"324":{"start":{"line":762,"column":12},"end":{"line":770,"column":44}},"325":{"start":{"line":768,"column":27},"end":{"line":768,"column":38}},"326":{"start":{"line":772,"column":23},"end":{"line":772,"column":50}},"327":{"start":{"line":773,"column":19},"end":{"line":773,"column":39}},"328":{"start":{"line":775,"column":8},"end":{"line":775,"column":28}},"329":{"start":{"line":777,"column":25},"end":{"line":786,"column":9}},"330":{"start":{"line":778,"column":22},"end":{"line":778,"column":47}},"331":{"start":{"line":779,"column":12},"end":{"line":781,"column":13}},"332":{"start":{"line":780,"column":16},"end":{"line":780,"column":46}},"333":{"start":{"line":782,"column":12},"end":{"line":782,"column":32}},"334":{"start":{"line":783,"column":12},"end":{"line":783,"column":31}},"335":{"start":{"line":784,"column":12},"end":{"line":784,"column":45}},"336":{"start":{"line":785,"column":12},"end":{"line":785,"column":34}},"337":{"start":{"line":788,"column":24},"end":{"line":797,"column":9}},"338":{"start":{"line":789,"column":22},"end":{"line":789,"column":47}},"339":{"start":{"line":790,"column":12},"end":{"line":792,"column":13}},"340":{"start":{"line":791,"column":16},"end":{"line":791,"column":76}},"341":{"start":{"line":793,"column":12},"end":{"line":793,"column":32}},"342":{"start":{"line":794,"column":12},"end":{"line":794,"column":31}},"343":{"start":{"line":795,"column":12},"end":{"line":795,"column":45}},"344":{"start":{"line":796,"column":12},"end":{"line":796,"column":34}},"345":{"start":{"line":803,"column":21},"end":{"line":803,"column":25}},"346":{"start":{"line":804,"column":21},"end":{"line":804,"column":23}},"347":{"start":{"line":805,"column":8},"end":{"line":807,"column":9}},"348":{"start":{"line":806,"column":12},"end":{"line":806,"column":79}},"349":{"start":{"line":808,"column":23},"end":{"line":808,"column":35}},"350":{"start":{"line":808,"column":45},"end":{"line":808,"column":97}},"351":{"start":{"line":809,"column":21},"end":{"line":809,"column":74}},"352":{"start":{"line":810,"column":20},"end":{"line":814,"column":9}},"353":{"start":{"line":815,"column":31},"end":{"line":815,"column":32}},"354":{"start":{"line":816,"column":30},"end":{"line":816,"column":31}},"355":{"start":{"line":817,"column":23},"end":{"line":824,"column":14}},"356":{"start":{"line":819,"column":31},"end":{"line":819,"column":61}},"357":{"start":{"line":820,"column":31},"end":{"line":820,"column":41}},"358":{"start":{"line":821,"column":35},"end":{"line":821,"column":54}},"359":{"start":{"line":822,"column":33},"end":{"line":822,"column":52}},"360":{"start":{"line":823,"column":16},"end":{"line":823,"column":71}},"361":{"start":{"line":825,"column":8},"end":{"line":832,"column":46}},"362":{"start":{"line":832,"column":37},"end":{"line":832,"column":44}},"363":{"start":{"line":833,"column":8},"end":{"line":841,"column":15}},"364":{"start":{"line":838,"column":33},"end":{"line":838,"column":39}},"365":{"start":{"line":839,"column":16},"end":{"line":839,"column":70}},"366":{"start":{"line":840,"column":20},"end":{"line":840,"column":36}},"367":{"start":{"line":842,"column":26},"end":{"line":846,"column":42}},"368":{"start":{"line":847,"column":8},"end":{"line":864,"column":15}},"369":{"start":{"line":852,"column":28},"end":{"line":852,"column":34}},"370":{"start":{"line":854,"column":16},"end":{"line":855,"column":47}},"371":{"start":{"line":856,"column":16},"end":{"line":857,"column":47}},"372":{"start":{"line":860,"column":16},"end":{"line":861,"column":46}},"373":{"start":{"line":862,"column":16},"end":{"line":863,"column":46}},"374":{"start":{"line":871,"column":20},"end":{"line":871,"column":58}},"375":{"start":{"line":872,"column":23},"end":{"line":872,"column":25}},"376":{"start":{"line":873,"column":8},"end":{"line":877,"column":9}},"377":{"start":{"line":873,"column":21},"end":{"line":873,"column":22}},"378":{"start":{"line":874,"column":12},"end":{"line":876,"column":24}},"379":{"start":{"line":878,"column":25},"end":{"line":878,"column":39}},"380":{"start":{"line":879,"column":8},"end":{"line":879,"column":31}},"381":{"start":{"line":885,"column":21},"end":{"line":885,"column":25}},"382":{"start":{"line":886,"column":21},"end":{"line":886,"column":42}},"383":{"start":{"line":887,"column":30},"end":{"line":896,"column":33}},"384":{"start":{"line":889,"column":26},"end":{"line":889,"column":33}},"385":{"start":{"line":890,"column":16},"end":{"line":890,"column":36}},"386":{"start":{"line":893,"column":26},"end":{"line":893,"column":33}},"387":{"start":{"line":894,"column":16},"end":{"line":894,"column":36}},"388":{"start":{"line":897,"column":8},"end":{"line":899,"column":41}},"389":{"start":{"line":905,"column":8},"end":{"line":908,"column":13}},"390":{"start":{"line":906,"column":12},"end":{"line":908,"column":13}},"391":{"start":{"line":907,"column":16},"end":{"line":907,"column":53}},"392":{"start":{"line":914,"column":23},"end":{"line":914,"column":49}},"393":{"start":{"line":916,"column":21},"end":{"line":916,"column":73}},"394":{"start":{"line":916,"column":81},"end":{"line":916,"column":94}},"395":{"start":{"line":916,"column":103},"end":{"line":916,"column":116}},"396":{"start":{"line":917,"column":17},"end":{"line":917,"column":28}},"397":{"start":{"line":917,"column":40},"end":{"line":917,"column":52}},"398":{"start":{"line":917,"column":61},"end":{"line":917,"column":70}},"399":{"start":{"line":918,"column":25},"end":{"line":918,"column":71}},"400":{"start":{"line":919,"column":8},"end":{"line":923,"column":9}},"401":{"start":{"line":920,"column":12},"end":{"line":920,"column":87}},"402":{"start":{"line":922,"column":12},"end":{"line":922,"column":155}},"403":{"start":{"line":924,"column":8},"end":{"line":924,"column":40}},"404":{"start":{"line":925,"column":8},"end":{"line":925,"column":60}},"405":{"start":{"line":926,"column":8},"end":{"line":926,"column":46}},"406":{"start":{"line":927,"column":8},"end":{"line":927,"column":66}},"407":{"start":{"line":928,"column":8},"end":{"line":928,"column":41}},"408":{"start":{"line":929,"column":8},"end":{"line":929,"column":48}},"409":{"start":{"line":930,"column":8},"end":{"line":932,"column":39}},"410":{"start":{"line":933,"column":29},"end":{"line":933,"column":59}},"411":{"start":{"line":934,"column":27},"end":{"line":934,"column":79}},"412":{"start":{"line":935,"column":8},"end":{"line":938,"column":9}},"413":{"start":{"line":936,"column":12},"end":{"line":937,"column":116}},"414":{"start":{"line":939,"column":8},"end":{"line":942,"column":9}},"415":{"start":{"line":940,"column":12},"end":{"line":941,"column":115}},"416":{"start":{"line":948,"column":23},"end":{"line":948,"column":56}},"417":{"start":{"line":948,"column":40},"end":{"line":948,"column":50}},"418":{"start":{"line":949,"column":24},"end":{"line":949,"column":41}},"419":{"start":{"line":950,"column":8},"end":{"line":950,"column":54}},"420":{"start":{"line":956,"column":21},"end":{"line":981,"column":9}},"421":{"start":{"line":958,"column":25},"end":{"line":958,"column":27}},"422":{"start":{"line":959,"column":12},"end":{"line":963,"column":13}},"423":{"start":{"line":959,"column":25},"end":{"line":959,"column":26}},"424":{"start":{"line":960,"column":16},"end":{"line":962,"column":17}},"425":{"start":{"line":961,"column":20},"end":{"line":961,"column":33}},"426":{"start":{"line":965,"column":28},"end":{"line":965,"column":30}},"427":{"start":{"line":966,"column":24},"end":{"line":966,"column":25}},"428":{"start":{"line":967,"column":12},"end":{"line":972,"column":13}},"429":{"start":{"line":967,"column":25},"end":{"line":967,"column":26}},"430":{"start":{"line":968,"column":16},"end":{"line":971,"column":17}},"431":{"start":{"line":969,"column":20},"end":{"line":969,"column":59}},"432":{"start":{"line":970,"column":20},"end":{"line":970,"column":34}},"433":{"start":{"line":973,"column":12},"end":{"line":973,"column":57}},"434":{"start":{"line":975,"column":12},"end":{"line":979,"column":13}},"435":{"start":{"line":975,"column":25},"end":{"line":975,"column":26}},"436":{"start":{"line":976,"column":16},"end":{"line":978,"column":17}},"437":{"start":{"line":976,"column":29},"end":{"line":976,"column":30}},"438":{"start":{"line":977,"column":20},"end":{"line":977,"column":60}},"439":{"start":{"line":980,"column":12},"end":{"line":980,"column":27}},"440":{"start":{"line":983,"column":24},"end":{"line":983,"column":41}},"441":{"start":{"line":984,"column":8},"end":{"line":984,"column":54}},"442":{"start":{"line":990,"column":8},"end":{"line":991,"column":49}},"443":{"start":{"line":991,"column":12},"end":{"line":991,"column":49}},"444":{"start":{"line":992,"column":8},"end":{"line":993,"column":49}},"445":{"start":{"line":993,"column":12},"end":{"line":993,"column":49}},"446":{"start":{"line":994,"column":8},"end":{"line":994,"column":83}},"447":{"start":{"line":995,"column":8},"end":{"line":995,"column":38}},"448":{"start":{"line":998,"column":0},"end":{"line":1000,"column":1}},"449":{"start":{"line":999,"column":4},"end":{"line":999,"column":45}}},"fnMap":{"0":{"name":"(anonymous_0)","decl":{"start":{"line":27,"column":4},"end":{"line":27,"column":5}},"loc":{"start":{"line":27,"column":20},"end":{"line":36,"column":5}},"line":27},"1":{"name":"(anonymous_1)","decl":{"start":{"line":37,"column":4},"end":{"line":37,"column":5}},"loc":{"start":{"line":37,"column":15},"end":{"line":51,"column":5}},"line":37},"2":{"name":"(anonymous_2)","decl":{"start":{"line":52,"column":4},"end":{"line":52,"column":5}},"loc":{"start":{"line":52,"column":18},"end":{"line":56,"column":5}},"line":52},"3":{"name":"(anonymous_3)","decl":{"start":{"line":61,"column":4},"end":{"line":61,"column":5}},"loc":{"start":{"line":61,"column":18},"end":{"line":75,"column":5}},"line":61},"4":{"name":"(anonymous_4)","decl":{"start":{"line":76,"column":4},"end":{"line":76,"column":5}},"loc":{"start":{"line":76,"column":18},"end":{"line":84,"column":5}},"line":76},"5":{"name":"(anonymous_5)","decl":{"start":{"line":85,"column":4},"end":{"line":85,"column":5}},"loc":{"start":{"line":85,"column":19},"end":{"line":91,"column":5}},"line":85},"6":{"name":"(anonymous_6)","decl":{"start":{"line":95,"column":4},"end":{"line":95,"column":5}},"loc":{"start":{"line":95,"column":25},"end":{"line":117,"column":5}},"line":95},"7":{"name":"(anonymous_7)","decl":{"start":{"line":121,"column":4},"end":{"line":121,"column":5}},"loc":{"start":{"line":121,"column":17},"end":{"line":127,"column":5}},"line":121},"8":{"name":"(anonymous_8)","decl":{"start":{"line":131,"column":4},"end":{"line":131,"column":5}},"loc":{"start":{"line":131,"column":22},"end":{"line":143,"column":5}},"line":131},"9":{"name":"(anonymous_9)","decl":{"start":{"line":144,"column":4},"end":{"line":144,"column":5}},"loc":{"start":{"line":144,"column":24},"end":{"line":149,"column":5}},"line":144},"10":{"name":"(anonymous_10)","decl":{"start":{"line":153,"column":4},"end":{"line":153,"column":5}},"loc":{"start":{"line":153,"column":31},"end":{"line":164,"column":5}},"line":153},"11":{"name":"(anonymous_11)","decl":{"start":{"line":158,"column":21},"end":{"line":158,"column":22}},"loc":{"start":{"line":158,"column":31},"end":{"line":162,"column":9}},"line":158},"12":{"name":"(anonymous_12)","decl":{"start":{"line":168,"column":4},"end":{"line":168,"column":5}},"loc":{"start":{"line":168,"column":32},"end":{"line":177,"column":5}},"line":168},"13":{"name":"(anonymous_13)","decl":{"start":{"line":181,"column":4},"end":{"line":181,"column":5}},"loc":{"start":{"line":181,"column":14},"end":{"line":203,"column":5}},"line":181},"14":{"name":"(anonymous_14)","decl":{"start":{"line":207,"column":4},"end":{"line":207,"column":5}},"loc":{"start":{"line":207,"column":19},"end":{"line":226,"column":5}},"line":207},"15":{"name":"(anonymous_15)","decl":{"start":{"line":230,"column":19},"end":{"line":230,"column":20}},"loc":{"start":{"line":230,"column":26},"end":{"line":230,"column":65}},"line":230},"16":{"name":"(anonymous_16)","decl":{"start":{"line":255,"column":4},"end":{"line":255,"column":5}},"loc":{"start":{"line":255,"column":19},"end":{"line":359,"column":5}},"line":255},"17":{"name":"(anonymous_17)","decl":{"start":{"line":363,"column":4},"end":{"line":363,"column":5}},"loc":{"start":{"line":363,"column":20},"end":{"line":369,"column":5}},"line":363},"18":{"name":"(anonymous_18)","decl":{"start":{"line":376,"column":4},"end":{"line":376,"column":5}},"loc":{"start":{"line":376,"column":34},"end":{"line":427,"column":5}},"line":376},"19":{"name":"(anonymous_19)","decl":{"start":{"line":431,"column":4},"end":{"line":431,"column":5}},"loc":{"start":{"line":431,"column":22},"end":{"line":442,"column":5}},"line":431},"20":{"name":"(anonymous_20)","decl":{"start":{"line":446,"column":4},"end":{"line":446,"column":5}},"loc":{"start":{"line":446,"column":19},"end":{"line":501,"column":5}},"line":446},"21":{"name":"(anonymous_21)","decl":{"start":{"line":505,"column":4},"end":{"line":505,"column":5}},"loc":{"start":{"line":505,"column":28},"end":{"line":573,"column":5}},"line":505},"22":{"name":"(anonymous_22)","decl":{"start":{"line":530,"column":26},"end":{"line":530,"column":27}},"loc":{"start":{"line":530,"column":39},"end":{"line":533,"column":9}},"line":530},"23":{"name":"(anonymous_23)","decl":{"start":{"line":535,"column":24},"end":{"line":535,"column":25}},"loc":{"start":{"line":535,"column":37},"end":{"line":555,"column":9}},"line":535},"24":{"name":"(anonymous_24)","decl":{"start":{"line":539,"column":31},"end":{"line":539,"column":32}},"loc":{"start":{"line":539,"column":36},"end":{"line":541,"column":59}},"line":539},"25":{"name":"(anonymous_25)","decl":{"start":{"line":557,"column":24},"end":{"line":557,"column":25}},"loc":{"start":{"line":557,"column":37},"end":{"line":564,"column":9}},"line":557},"26":{"name":"(anonymous_26)","decl":{"start":{"line":568,"column":40},"end":{"line":568,"column":41}},"loc":{"start":{"line":568,"column":45},"end":{"line":568,"column":51}},"line":568},"27":{"name":"(anonymous_27)","decl":{"start":{"line":568,"column":58},"end":{"line":568,"column":59}},"loc":{"start":{"line":568,"column":63},"end":{"line":568,"column":69}},"line":568},"28":{"name":"(anonymous_28)","decl":{"start":{"line":569,"column":31},"end":{"line":569,"column":32}},"loc":{"start":{"line":569,"column":36},"end":{"line":569,"column":96}},"line":569},"29":{"name":"(anonymous_29)","decl":{"start":{"line":570,"column":24},"end":{"line":570,"column":25}},"loc":{"start":{"line":570,"column":29},"end":{"line":570,"column":33}},"line":570},"30":{"name":"(anonymous_30)","decl":{"start":{"line":571,"column":27},"end":{"line":571,"column":28}},"loc":{"start":{"line":571,"column":32},"end":{"line":571,"column":39}},"line":571},"31":{"name":"(anonymous_31)","decl":{"start":{"line":577,"column":4},"end":{"line":577,"column":5}},"loc":{"start":{"line":577,"column":31},"end":{"line":595,"column":5}},"line":577},"32":{"name":"(anonymous_32)","decl":{"start":{"line":599,"column":4},"end":{"line":599,"column":5}},"loc":{"start":{"line":599,"column":33},"end":{"line":603,"column":5}},"line":599},"33":{"name":"(anonymous_33)","decl":{"start":{"line":608,"column":4},"end":{"line":608,"column":5}},"loc":{"start":{"line":608,"column":20},"end":{"line":641,"column":5}},"line":608},"34":{"name":"(anonymous_34)","decl":{"start":{"line":623,"column":28},"end":{"line":623,"column":29}},"loc":{"start":{"line":623,"column":33},"end":{"line":623,"column":60}},"line":623},"35":{"name":"(anonymous_35)","decl":{"start":{"line":627,"column":28},"end":{"line":627,"column":29}},"loc":{"start":{"line":627,"column":33},"end":{"line":627,"column":60}},"line":627},"36":{"name":"(anonymous_36)","decl":{"start":{"line":634,"column":24},"end":{"line":634,"column":25}},"loc":{"start":{"line":634,"column":29},"end":{"line":634,"column":37}},"line":634},"37":{"name":"(anonymous_37)","decl":{"start":{"line":645,"column":4},"end":{"line":645,"column":5}},"loc":{"start":{"line":645,"column":24},"end":{"line":669,"column":5}},"line":645},"38":{"name":"(anonymous_38)","decl":{"start":{"line":673,"column":4},"end":{"line":673,"column":5}},"loc":{"start":{"line":673,"column":18},"end":{"line":694,"column":5}},"line":673},"39":{"name":"(anonymous_39)","decl":{"start":{"line":698,"column":4},"end":{"line":698,"column":5}},"loc":{"start":{"line":698,"column":37},"end":{"line":713,"column":5}},"line":698},"40":{"name":"(anonymous_40)","decl":{"start":{"line":701,"column":46},"end":{"line":701,"column":47}},"loc":{"start":{"line":701,"column":51},"end":{"line":705,"column":9}},"line":701},"41":{"name":"(anonymous_41)","decl":{"start":{"line":705,"column":34},"end":{"line":705,"column":35}},"loc":{"start":{"line":705,"column":39},"end":{"line":705,"column":58}},"line":705},"42":{"name":"(anonymous_42)","decl":{"start":{"line":715,"column":4},"end":{"line":715,"column":5}},"loc":{"start":{"line":715,"column":19},"end":{"line":718,"column":5}},"line":715},"43":{"name":"(anonymous_43)","decl":{"start":{"line":720,"column":4},"end":{"line":720,"column":5}},"loc":{"start":{"line":720,"column":19},"end":{"line":723,"column":5}},"line":720},"44":{"name":"(anonymous_44)","decl":{"start":{"line":727,"column":4},"end":{"line":727,"column":5}},"loc":{"start":{"line":727,"column":26},"end":{"line":798,"column":5}},"line":727},"45":{"name":"(anonymous_45)","decl":{"start":{"line":750,"column":70},"end":{"line":750,"column":71}},"loc":{"start":{"line":750,"column":75},"end":{"line":750,"column":81}},"line":750},"46":{"name":"(anonymous_46)","decl":{"start":{"line":750,"column":102},"end":{"line":750,"column":103}},"loc":{"start":{"line":750,"column":107},"end":{"line":750,"column":167}},"line":750},"47":{"name":"(anonymous_47)","decl":{"start":{"line":750,"column":180},"end":{"line":750,"column":181}},"loc":{"start":{"line":750,"column":185},"end":{"line":750,"column":189}},"line":750},"48":{"name":"(anonymous_48)","decl":{"start":{"line":750,"column":205},"end":{"line":750,"column":206}},"loc":{"start":{"line":750,"column":210},"end":{"line":750,"column":217}},"line":750},"49":{"name":"(anonymous_49)","decl":{"start":{"line":750,"column":231},"end":{"line":750,"column":232}},"loc":{"start":{"line":750,"column":236},"end":{"line":753,"column":13}},"line":750},"50":{"name":"(anonymous_50)","decl":{"start":{"line":754,"column":32},"end":{"line":754,"column":33}},"loc":{"start":{"line":754,"column":40},"end":{"line":771,"column":9}},"line":754},"51":{"name":"(anonymous_51)","decl":{"start":{"line":768,"column":22},"end":{"line":768,"column":23}},"loc":{"start":{"line":768,"column":27},"end":{"line":768,"column":38}},"line":768},"52":{"name":"(anonymous_52)","decl":{"start":{"line":777,"column":25},"end":{"line":777,"column":26}},"loc":{"start":{"line":777,"column":31},"end":{"line":786,"column":9}},"line":777},"53":{"name":"(anonymous_53)","decl":{"start":{"line":788,"column":24},"end":{"line":788,"column":25}},"loc":{"start":{"line":788,"column":30},"end":{"line":797,"column":9}},"line":788},"54":{"name":"(anonymous_54)","decl":{"start":{"line":802,"column":4},"end":{"line":802,"column":5}},"loc":{"start":{"line":802,"column":20},"end":{"line":865,"column":5}},"line":802},"55":{"name":"(anonymous_55)","decl":{"start":{"line":818,"column":55},"end":{"line":818,"column":56}},"loc":{"start":{"line":818,"column":65},"end":{"line":824,"column":13}},"line":818},"56":{"name":"(anonymous_56)","decl":{"start":{"line":832,"column":27},"end":{"line":832,"column":28}},"loc":{"start":{"line":832,"column":37},"end":{"line":832,"column":44}},"line":832},"57":{"name":"(anonymous_57)","decl":{"start":{"line":837,"column":18},"end":{"line":837,"column":19}},"loc":{"start":{"line":837,"column":28},"end":{"line":841,"column":13}},"line":837},"58":{"name":"(anonymous_58)","decl":{"start":{"line":852,"column":18},"end":{"line":852,"column":19}},"loc":{"start":{"line":852,"column":28},"end":{"line":852,"column":34}},"line":852},"59":{"name":"(anonymous_59)","decl":{"start":{"line":853,"column":29},"end":{"line":853,"column":30}},"loc":{"start":{"line":853,"column":35},"end":{"line":858,"column":13}},"line":853},"60":{"name":"(anonymous_60)","decl":{"start":{"line":859,"column":30},"end":{"line":859,"column":31}},"loc":{"start":{"line":859,"column":36},"end":{"line":864,"column":13}},"line":859},"61":{"name":"(anonymous_61)","decl":{"start":{"line":870,"column":4},"end":{"line":870,"column":5}},"loc":{"start":{"line":870,"column":31},"end":{"line":880,"column":5}},"line":870},"62":{"name":"(anonymous_62)","decl":{"start":{"line":884,"column":4},"end":{"line":884,"column":5}},"loc":{"start":{"line":884,"column":27},"end":{"line":900,"column":5}},"line":884},"63":{"name":"(anonymous_63)","decl":{"start":{"line":888,"column":15},"end":{"line":888,"column":16}},"loc":{"start":{"line":888,"column":20},"end":{"line":891,"column":13}},"line":888},"64":{"name":"(anonymous_64)","decl":{"start":{"line":892,"column":15},"end":{"line":892,"column":16}},"loc":{"start":{"line":892,"column":20},"end":{"line":895,"column":13}},"line":892},"65":{"name":"(anonymous_65)","decl":{"start":{"line":904,"column":4},"end":{"line":904,"column":5}},"loc":{"start":{"line":904,"column":23},"end":{"line":909,"column":5}},"line":904},"66":{"name":"(anonymous_66)","decl":{"start":{"line":913,"column":4},"end":{"line":913,"column":5}},"loc":{"start":{"line":913,"column":33},"end":{"line":943,"column":5}},"line":913},"67":{"name":"(anonymous_67)","decl":{"start":{"line":947,"column":4},"end":{"line":947,"column":5}},"loc":{"start":{"line":947,"column":21},"end":{"line":951,"column":5}},"line":947},"68":{"name":"(anonymous_68)","decl":{"start":{"line":948,"column":35},"end":{"line":948,"column":36}},"loc":{"start":{"line":948,"column":40},"end":{"line":948,"column":50}},"line":948},"69":{"name":"(anonymous_69)","decl":{"start":{"line":955,"column":4},"end":{"line":955,"column":5}},"loc":{"start":{"line":955,"column":23},"end":{"line":985,"column":5}},"line":955},"70":{"name":"(anonymous_70)","decl":{"start":{"line":956,"column":21},"end":{"line":956,"column":22}},"loc":{"start":{"line":956,"column":37},"end":{"line":981,"column":9}},"line":956},"71":{"name":"(anonymous_71)","decl":{"start":{"line":989,"column":4},"end":{"line":989,"column":5}},"loc":{"start":{"line":989,"column":25},"end":{"line":996,"column":5}},"line":989},"72":{"name":"(anonymous_72)","decl":{"start":{"line":998,"column":24},"end":{"line":998,"column":25}},"loc":{"start":{"line":998,"column":42},"end":{"line":1000,"column":1}},"line":998}},"branchMap":{"0":{"loc":{"start":{"line":35,"column":31},"end":{"line":35,"column":76}},"type":"binary-expr","locations":[{"start":{"line":35,"column":31},"end":{"line":35,"column":58}},{"start":{"line":35,"column":62},"end":{"line":35,"column":76}}],"line":35},"1":{"loc":{"start":{"line":62,"column":8},"end":{"line":65,"column":9}},"type":"if","locations":[{"start":{"line":62,"column":8},"end":{"line":65,"column":9}},{"start":{"line":62,"column":8},"end":{"line":65,"column":9}}],"line":62},"2":{"loc":{"start":{"line":73,"column":8},"end":{"line":73,"column":62}},"type":"if","locations":[{"start":{"line":73,"column":8},"end":{"line":73,"column":62}},{"start":{"line":73,"column":8},"end":{"line":73,"column":62}}],"line":73},"3":{"loc":{"start":{"line":74,"column":8},"end":{"line":74,"column":48}},"type":"if","locations":[{"start":{"line":74,"column":8},"end":{"line":74,"column":48}},{"start":{"line":74,"column":8},"end":{"line":74,"column":48}}],"line":74},"4":{"loc":{"start":{"line":77,"column":8},"end":{"line":81,"column":9}},"type":"if","locations":[{"start":{"line":77,"column":8},"end":{"line":81,"column":9}},{"start":{"line":77,"column":8},"end":{"line":81,"column":9}}],"line":77},"5":{"loc":{"start":{"line":96,"column":8},"end":{"line":98,"column":9}},"type":"if","locations":[{"start":{"line":96,"column":8},"end":{"line":98,"column":9}},{"start":{"line":96,"column":8},"end":{"line":98,"column":9}}],"line":96},"6":{"loc":{"start":{"line":102,"column":8},"end":{"line":116,"column":9}},"type":"if","locations":[{"start":{"line":102,"column":8},"end":{"line":116,"column":9}},{"start":{"line":102,"column":8},"end":{"line":116,"column":9}}],"line":102},"7":{"loc":{"start":{"line":102,"column":12},"end":{"line":102,"column":57}},"type":"binary-expr","locations":[{"start":{"line":102,"column":12},"end":{"line":102,"column":32}},{"start":{"line":102,"column":36},"end":{"line":102,"column":57}}],"line":102},"8":{"loc":{"start":{"line":122,"column":8},"end":{"line":126,"column":9}},"type":"if","locations":[{"start":{"line":122,"column":8},"end":{"line":126,"column":9}},{"start":{"line":122,"column":8},"end":{"line":126,"column":9}}],"line":122},"9":{"loc":{"start":{"line":132,"column":8},"end":{"line":137,"column":9}},"type":"if","locations":[{"start":{"line":132,"column":8},"end":{"line":137,"column":9}},{"start":{"line":132,"column":8},"end":{"line":137,"column":9}}],"line":132},"10":{"loc":{"start":{"line":132,"column":12},"end":{"line":132,"column":55}},"type":"binary-expr","locations":[{"start":{"line":132,"column":12},"end":{"line":132,"column":34}},{"start":{"line":132,"column":38},"end":{"line":132,"column":55}}],"line":132},"11":{"loc":{"start":{"line":154,"column":8},"end":{"line":156,"column":9}},"type":"if","locations":[{"start":{"line":154,"column":8},"end":{"line":156,"column":9}},{"start":{"line":154,"column":8},"end":{"line":156,"column":9}}],"line":154},"12":{"loc":{"start":{"line":154,"column":12},"end":{"line":154,"column":36}},"type":"binary-expr","locations":[{"start":{"line":154,"column":12},"end":{"line":154,"column":17}},{"start":{"line":154,"column":21},"end":{"line":154,"column":36}}],"line":154},"13":{"loc":{"start":{"line":159,"column":12},"end":{"line":161,"column":13}},"type":"if","locations":[{"start":{"line":159,"column":12},"end":{"line":161,"column":13}},{"start":{"line":159,"column":12},"end":{"line":161,"column":13}}],"line":159},"14":{"loc":{"start":{"line":171,"column":8},"end":{"line":175,"column":9}},"type":"if","locations":[{"start":{"line":171,"column":8},"end":{"line":175,"column":9}},{"start":{"line":171,"column":8},"end":{"line":175,"column":9}}],"line":171},"15":{"loc":{"start":{"line":182,"column":8},"end":{"line":198,"column":9}},"type":"if","locations":[{"start":{"line":182,"column":8},"end":{"line":198,"column":9}},{"start":{"line":182,"column":8},"end":{"line":198,"column":9}}],"line":182},"16":{"loc":{"start":{"line":200,"column":8},"end":{"line":202,"column":9}},"type":"if","locations":[{"start":{"line":200,"column":8},"end":{"line":202,"column":9}},{"start":{"line":200,"column":8},"end":{"line":202,"column":9}}],"line":200},"17":{"loc":{"start":{"line":208,"column":8},"end":{"line":225,"column":9}},"type":"if","locations":[{"start":{"line":208,"column":8},"end":{"line":225,"column":9}},{"start":{"line":208,"column":8},"end":{"line":225,"column":9}}],"line":208},"18":{"loc":{"start":{"line":265,"column":8},"end":{"line":268,"column":9}},"type":"if","locations":[{"start":{"line":265,"column":8},"end":{"line":268,"column":9}},{"start":{"line":265,"column":8},"end":{"line":268,"column":9}}],"line":265},"19":{"loc":{"start":{"line":291,"column":16},"end":{"line":303,"column":17}},"type":"if","locations":[{"start":{"line":291,"column":16},"end":{"line":303,"column":17}},{"start":{"line":291,"column":16},"end":{"line":303,"column":17}}],"line":291},"20":{"loc":{"start":{"line":292,"column":20},"end":{"line":299,"column":21}},"type":"if","locations":[{"start":{"line":292,"column":20},"end":{"line":299,"column":21}},{"start":{"line":292,"column":20},"end":{"line":299,"column":21}}],"line":292},"21":{"loc":{"start":{"line":309,"column":16},"end":{"line":311,"column":17}},"type":"if","locations":[{"start":{"line":309,"column":16},"end":{"line":311,"column":17}},{"start":{"line":309,"column":16},"end":{"line":311,"column":17}}],"line":309},"22":{"loc":{"start":{"line":317,"column":20},"end":{"line":334,"column":21}},"type":"if","locations":[{"start":{"line":317,"column":20},"end":{"line":334,"column":21}},{"start":{"line":317,"column":20},"end":{"line":334,"column":21}}],"line":317},"23":{"loc":{"start":{"line":322,"column":24},"end":{"line":326,"column":25}},"type":"if","locations":[{"start":{"line":322,"column":24},"end":{"line":326,"column":25}},{"start":{"line":322,"column":24},"end":{"line":326,"column":25}}],"line":322},"24":{"loc":{"start":{"line":328,"column":27},"end":{"line":334,"column":21}},"type":"if","locations":[{"start":{"line":328,"column":27},"end":{"line":334,"column":21}},{"start":{"line":328,"column":27},"end":{"line":334,"column":21}}],"line":328},"25":{"loc":{"start":{"line":328,"column":31},"end":{"line":328,"column":90}},"type":"binary-expr","locations":[{"start":{"line":328,"column":31},"end":{"line":328,"column":53}},{"start":{"line":328,"column":57},"end":{"line":328,"column":90}}],"line":328},"26":{"loc":{"start":{"line":329,"column":24},"end":{"line":332,"column":25}},"type":"if","locations":[{"start":{"line":329,"column":24},"end":{"line":332,"column":25}},{"start":{"line":329,"column":24},"end":{"line":332,"column":25}}],"line":329},"27":{"loc":{"start":{"line":337,"column":20},"end":{"line":341,"column":21}},"type":"if","locations":[{"start":{"line":337,"column":20},"end":{"line":341,"column":21}},{"start":{"line":337,"column":20},"end":{"line":341,"column":21}}],"line":337},"28":{"loc":{"start":{"line":337,"column":24},"end":{"line":337,"column":81}},"type":"binary-expr","locations":[{"start":{"line":337,"column":24},"end":{"line":337,"column":46}},{"start":{"line":337,"column":50},"end":{"line":337,"column":81}}],"line":337},"29":{"loc":{"start":{"line":355,"column":12},"end":{"line":357,"column":13}},"type":"if","locations":[{"start":{"line":355,"column":12},"end":{"line":357,"column":13}},{"start":{"line":355,"column":12},"end":{"line":357,"column":13}}],"line":355},"30":{"loc":{"start":{"line":367,"column":38},"end":{"line":367,"column":128}},"type":"cond-expr","locations":[{"start":{"line":367,"column":71},"end":{"line":367,"column":108}},{"start":{"line":367,"column":112},"end":{"line":367,"column":128}}],"line":367},"31":{"loc":{"start":{"line":367,"column":71},"end":{"line":367,"column":108}},"type":"cond-expr","locations":[{"start":{"line":367,"column":91},"end":{"line":367,"column":92}},{"start":{"line":367,"column":95},"end":{"line":367,"column":108}}],"line":367},"32":{"loc":{"start":{"line":368,"column":38},"end":{"line":368,"column":89}},"type":"cond-expr","locations":[{"start":{"line":368,"column":68},"end":{"line":368,"column":83}},{"start":{"line":368,"column":86},"end":{"line":368,"column":89}}],"line":368},"33":{"loc":{"start":{"line":379,"column":8},"end":{"line":401,"column":9}},"type":"if","locations":[{"start":{"line":379,"column":8},"end":{"line":401,"column":9}},{"start":{"line":379,"column":8},"end":{"line":401,"column":9}}],"line":379},"34":{"loc":{"start":{"line":423,"column":26},"end":{"line":423,"column":61}},"type":"cond-expr","locations":[{"start":{"line":423,"column":42},"end":{"line":423,"column":48}},{"start":{"line":423,"column":51},"end":{"line":423,"column":61}}],"line":423},"35":{"loc":{"start":{"line":449,"column":8},"end":{"line":452,"column":9}},"type":"if","locations":[{"start":{"line":449,"column":8},"end":{"line":452,"column":9}},{"start":{"line":449,"column":8},"end":{"line":452,"column":9}}],"line":449},"36":{"loc":{"start":{"line":539,"column":64},"end":{"line":541,"column":28}},"type":"cond-expr","locations":[{"start":{"line":539,"column":77},"end":{"line":539,"column":78}},{"start":{"line":540,"column":18},"end":{"line":541,"column":28}}],"line":539},"37":{"loc":{"start":{"line":540,"column":18},"end":{"line":541,"column":28}},"type":"cond-expr","locations":[{"start":{"line":540,"column":34},"end":{"line":540,"column":38}},{"start":{"line":541,"column":22},"end":{"line":541,"column":28}}],"line":540},"38":{"loc":{"start":{"line":543,"column":25},"end":{"line":543,"column":73}},"type":"cond-expr","locations":[{"start":{"line":543,"column":38},"end":{"line":543,"column":39}},{"start":{"line":543,"column":43},"end":{"line":543,"column":72}}],"line":543},"39":{"loc":{"start":{"line":543,"column":43},"end":{"line":543,"column":72}},"type":"cond-expr","locations":[{"start":{"line":543,"column":59},"end":{"line":543,"column":63}},{"start":{"line":543,"column":66},"end":{"line":543,"column":72}}],"line":543},"40":{"loc":{"start":{"line":544,"column":25},"end":{"line":544,"column":73}},"type":"cond-expr","locations":[{"start":{"line":544,"column":38},"end":{"line":544,"column":39}},{"start":{"line":544,"column":43},"end":{"line":544,"column":72}}],"line":544},"41":{"loc":{"start":{"line":544,"column":43},"end":{"line":544,"column":72}},"type":"cond-expr","locations":[{"start":{"line":544,"column":59},"end":{"line":544,"column":63}},{"start":{"line":544,"column":66},"end":{"line":544,"column":72}}],"line":544},"42":{"loc":{"start":{"line":545,"column":12},"end":{"line":549,"column":13}},"type":"if","locations":[{"start":{"line":545,"column":12},"end":{"line":549,"column":13}},{"start":{"line":545,"column":12},"end":{"line":549,"column":13}}],"line":545},"43":{"loc":{"start":{"line":551,"column":24},"end":{"line":551,"column":80}},"type":"cond-expr","locations":[{"start":{"line":551,"column":39},"end":{"line":551,"column":40}},{"start":{"line":551,"column":44},"end":{"line":551,"column":79}}],"line":551},"44":{"loc":{"start":{"line":551,"column":44},"end":{"line":551,"column":79}},"type":"cond-expr","locations":[{"start":{"line":551,"column":60},"end":{"line":551,"column":67}},{"start":{"line":551,"column":70},"end":{"line":551,"column":79}}],"line":551},"45":{"loc":{"start":{"line":552,"column":51},"end":{"line":552,"column":99}},"type":"cond-expr","locations":[{"start":{"line":552,"column":64},"end":{"line":552,"column":65}},{"start":{"line":552,"column":69},"end":{"line":552,"column":98}}],"line":552},"46":{"loc":{"start":{"line":552,"column":69},"end":{"line":552,"column":98}},"type":"cond-expr","locations":[{"start":{"line":552,"column":85},"end":{"line":552,"column":89}},{"start":{"line":552,"column":92},"end":{"line":552,"column":98}}],"line":552},"47":{"loc":{"start":{"line":578,"column":8},"end":{"line":594,"column":9}},"type":"if","locations":[{"start":{"line":578,"column":8},"end":{"line":594,"column":9}},{"start":{"line":578,"column":8},"end":{"line":594,"column":9}}],"line":578},"48":{"loc":{"start":{"line":579,"column":12},"end":{"line":593,"column":13}},"type":"if","locations":[{"start":{"line":579,"column":12},"end":{"line":593,"column":13}},{"start":{"line":579,"column":12},"end":{"line":593,"column":13}}],"line":579},"49":{"loc":{"start":{"line":600,"column":8},"end":{"line":602,"column":9}},"type":"if","locations":[{"start":{"line":600,"column":8},"end":{"line":602,"column":9}},{"start":{"line":600,"column":8},"end":{"line":602,"column":9}}],"line":600},"50":{"loc":{"start":{"line":620,"column":8},"end":{"line":628,"column":9}},"type":"if","locations":[{"start":{"line":620,"column":8},"end":{"line":628,"column":9}},{"start":{"line":620,"column":8},"end":{"line":628,"column":9}}],"line":620},"51":{"loc":{"start":{"line":629,"column":8},"end":{"line":631,"column":9}},"type":"if","locations":[{"start":{"line":629,"column":8},"end":{"line":631,"column":9}},{"start":{"line":629,"column":8},"end":{"line":631,"column":9}}],"line":629},"52":{"loc":{"start":{"line":635,"column":8},"end":{"line":637,"column":9}},"type":"if","locations":[{"start":{"line":635,"column":8},"end":{"line":637,"column":9}},{"start":{"line":635,"column":8},"end":{"line":637,"column":9}}],"line":635},"53":{"loc":{"start":{"line":657,"column":8},"end":{"line":668,"column":9}},"type":"if","locations":[{"start":{"line":657,"column":8},"end":{"line":668,"column":9}},{"start":{"line":657,"column":8},"end":{"line":668,"column":9}}],"line":657},"54":{"loc":{"start":{"line":751,"column":16},"end":{"line":751,"column":64}},"type":"if","locations":[{"start":{"line":751,"column":16},"end":{"line":751,"column":64}},{"start":{"line":751,"column":16},"end":{"line":751,"column":64}}],"line":751},"55":{"loc":{"start":{"line":752,"column":16},"end":{"line":752,"column":62}},"type":"if","locations":[{"start":{"line":752,"column":16},"end":{"line":752,"column":62}},{"start":{"line":752,"column":16},"end":{"line":752,"column":62}}],"line":752},"56":{"loc":{"start":{"line":761,"column":12},"end":{"line":761,"column":66}},"type":"if","locations":[{"start":{"line":761,"column":12},"end":{"line":761,"column":66}},{"start":{"line":761,"column":12},"end":{"line":761,"column":66}}],"line":761},"57":{"loc":{"start":{"line":779,"column":12},"end":{"line":781,"column":13}},"type":"if","locations":[{"start":{"line":779,"column":12},"end":{"line":781,"column":13}},{"start":{"line":779,"column":12},"end":{"line":781,"column":13}}],"line":779},"58":{"loc":{"start":{"line":790,"column":12},"end":{"line":792,"column":13}},"type":"if","locations":[{"start":{"line":790,"column":12},"end":{"line":792,"column":13}},{"start":{"line":790,"column":12},"end":{"line":792,"column":13}}],"line":790},"59":{"loc":{"start":{"line":906,"column":12},"end":{"line":908,"column":13}},"type":"if","locations":[{"start":{"line":906,"column":12},"end":{"line":908,"column":13}},{"start":{"line":906,"column":12},"end":{"line":908,"column":13}}],"line":906},"60":{"loc":{"start":{"line":919,"column":8},"end":{"line":923,"column":9}},"type":"if","locations":[{"start":{"line":919,"column":8},"end":{"line":923,"column":9}},{"start":{"line":919,"column":8},"end":{"line":923,"column":9}}],"line":919},"61":{"loc":{"start":{"line":935,"column":8},"end":{"line":938,"column":9}},"type":"if","locations":[{"start":{"line":935,"column":8},"end":{"line":938,"column":9}},{"start":{"line":935,"column":8},"end":{"line":938,"column":9}}],"line":935},"62":{"loc":{"start":{"line":939,"column":8},"end":{"line":942,"column":9}},"type":"if","locations":[{"start":{"line":939,"column":8},"end":{"line":942,"column":9}},{"start":{"line":939,"column":8},"end":{"line":942,"column":9}}],"line":939},"63":{"loc":{"start":{"line":960,"column":16},"end":{"line":962,"column":17}},"type":"if","locations":[{"start":{"line":960,"column":16},"end":{"line":962,"column":17}},{"start":{"line":960,"column":16},"end":{"line":962,"column":17}}],"line":960},"64":{"loc":{"start":{"line":968,"column":16},"end":{"line":971,"column":17}},"type":"if","locations":[{"start":{"line":968,"column":16},"end":{"line":971,"column":17}},{"start":{"line":968,"column":16},"end":{"line":971,"column":17}}],"line":968},"65":{"loc":{"start":{"line":990,"column":8},"end":{"line":991,"column":49}},"type":"if","locations":[{"start":{"line":990,"column":8},"end":{"line":991,"column":49}},{"start":{"line":990,"column":8},"end":{"line":991,"column":49}}],"line":990},"66":{"loc":{"start":{"line":992,"column":8},"end":{"line":993,"column":49}},"type":"if","locations":[{"start":{"line":992,"column":8},"end":{"line":993,"column":49}},{"start":{"line":992,"column":8},"end":{"line":993,"column":49}}],"line":992}},"s":{"0":1,"1":5,"2":5,"3":5,"4":5,"5":5,"6":5,"7":5,"8":5,"9":0,"10":0,"11":0,"12":0,"13":0,"14":0,"15":0,"16":0,"17":0,"18":0,"19":0,"20":0,"21":0,"22":5,"23":5,"24":5,"25":5,"26":5,"27":5,"28":5,"29":5,"30":5,"31":5,"32":5,"33":5,"34":5,"35":0,"36":0,"37":0,"38":0,"39":0,"40":0,"41":0,"42":0,"43":0,"44":0,"45":0,"46":0,"47":0,"48":0,"49":0,"50":0,"51":0,"52":0,"53":0,"54":0,"55":0,"56":0,"57":0,"58":0,"59":0,"60":0,"61":0,"62":0,"63":0,"64":0,"65":0,"66":0,"67":0,"68":0,"69":0,"70":0,"71":0,"72":0,"73":0,"74":0,"75":0,"76":0,"77":0,"78":0,"79":0,"80":0,"81":0,"82":0,"83":0,"84":0,"85":5,"86":5,"87":5,"88":5,"89":0,"90":0,"91":0,"92":5,"93":5,"94":0,"95":0,"96":0,"97":0,"98":0,"99":0,"100":0,"101":0,"102":5,"103":5,"104":5,"105":5,"106":5,"107":5,"108":5,"109":5,"110":5,"111":5,"112":5,"113":5,"114":5,"115":5,"116":10,"117":10,"118":10,"119":10,"120":10,"121":10,"122":10,"123":10,"124":10,"125":10,"126":25,"127":25,"128":25,"129":25,"130":25,"131":0,"132":0,"133":25,"134":25,"135":25,"136":0,"137":0,"138":25,"139":25,"140":25,"141":25,"142":25,"143":25,"144":75,"145":75,"146":75,"147":50,"148":50,"149":50,"150":50,"151":25,"152":25,"153":25,"154":50,"155":25,"156":10,"157":5,"158":5,"159":10,"160":75,"161":15,"162":60,"163":75,"164":25,"165":25,"166":10,"167":5,"168":5,"169":5,"170":5,"171":5,"172":5,"173":0,"174":0,"175":0,"176":0,"177":0,"178":0,"179":0,"180":0,"181":0,"182":0,"183":0,"184":0,"185":0,"186":0,"187":0,"188":0,"189":0,"190":0,"191":0,"192":0,"193":5,"194":5,"195":5,"196":5,"197":10,"198":5,"199":5,"200":5,"201":5,"202":5,"203":5,"204":5,"205":5,"206":0,"207":0,"208":5,"209":5,"210":5,"211":5,"212":5,"213":5,"214":5,"215":5,"216":5,"217":5,"218":5,"219":5,"220":5,"221":5,"222":5,"223":5,"224":5,"225":5,"226":5,"227":0,"228":0,"229":5,"230":0,"231":0,"232":0,"233":0,"234":0,"235":0,"236":0,"237":0,"238":0,"239":0,"240":0,"241":5,"242":0,"243":0,"244":0,"245":0,"246":5,"247":5,"248":5,"249":5,"250":5,"251":5,"252":0,"253":0,"254":0,"255":0,"256":0,"257":0,"258":0,"259":0,"260":0,"261":5,"262":5,"263":5,"264":5,"265":5,"266":5,"267":5,"268":5,"269":5,"270":5,"271":5,"272":5,"273":50,"274":0,"275":0,"276":5,"277":0,"278":5,"279":60,"280":5,"281":0,"282":5,"283":5,"284":5,"285":0,"286":0,"287":5,"288":5,"289":5,"290":5,"291":5,"292":5,"293":10,"294":10,"295":10,"296":35,"297":35,"298":35,"299":35,"300":10,"301":10,"302":5,"303":5,"304":5,"305":5,"306":5,"307":5,"308":5,"309":5,"310":5,"311":10,"312":10,"313":10,"314":10,"315":0,"316":0,"317":0,"318":0,"319":5,"320":5,"321":5,"322":5,"323":0,"324":5,"325":5,"326":5,"327":5,"328":5,"329":5,"330":0,"331":0,"332":0,"333":0,"334":0,"335":0,"336":0,"337":5,"338":0,"339":0,"340":0,"341":0,"342":0,"343":0,"344":0,"345":5,"346":5,"347":5,"348":10,"349":5,"350":5,"351":5,"352":5,"353":5,"354":5,"355":5,"356":10,"357":10,"358":10,"359":10,"360":10,"361":5,"362":10,"363":5,"364":10,"365":10,"366":10,"367":5,"368":5,"369":5,"370":0,"371":0,"372":0,"373":0,"374":5,"375":5,"376":5,"377":5,"378":0,"379":5,"380":5,"381":5,"382":5,"383":5,"384":35,"385":35,"386":35,"387":35,"388":5,"389":0,"390":0,"391":0,"392":0,"393":0,"394":0,"395":0,"396":0,"397":0,"398":0,"399":0,"400":0,"401":0,"402":0,"403":0,"404":0,"405":0,"406":0,"407":0,"408":0,"409":0,"410":0,"411":0,"412":0,"413":0,"414":0,"415":0,"416":0,"417":0,"418":0,"419":0,"420":0,"421":0,"422":0,"423":0,"424":0,"425":0,"426":0,"427":0,"428":0,"429":0,"430":0,"431":0,"432":0,"433":0,"434":0,"435":0,"436":0,"437":0,"438":0,"439":0,"440":0,"441":0,"442":25,"443":0,"444":25,"445":25,"446":0,"447":0,"448":1,"449":5},"f":{"0":5,"1":0,"2":0,"3":5,"4":0,"5":0,"6":0,"7":0,"8":0,"9":0,"10":0,"11":0,"12":0,"13":5,"14":0,"15":5,"16":5,"17":5,"18":0,"19":5,"20":5,"21":5,"22":0,"23":0,"24":0,"25":0,"26":5,"27":5,"28":5,"29":5,"30":5,"31":0,"32":0,"33":5,"34":50,"35":0,"36":60,"37":5,"38":5,"39":10,"40":35,"41":35,"42":5,"43":5,"44":5,"45":10,"46":10,"47":10,"48":10,"49":0,"50":5,"51":5,"52":0,"53":0,"54":5,"55":10,"56":10,"57":10,"58":5,"59":0,"60":0,"61":5,"62":5,"63":35,"64":35,"65":0,"66":0,"67":0,"68":0,"69":0,"70":0,"71":25,"72":5},"b":{"0":[5,5],"1":[5,0],"2":[5,0],"3":[5,0],"4":[0,0],"5":[0,0],"6":[0,0],"7":[0,0],"8":[0,0],"9":[0,0],"10":[0,0],"11":[0,0],"12":[0,0],"13":[0,0],"14":[0,0],"15":[5,0],"16":[0,5],"17":[0,0],"18":[5,0],"19":[25,0],"20":[0,25],"21":[25,0],"22":[50,25],"23":[25,25],"24":[10,15],"25":[25,25],"26":[5,5],"27":[15,60],"28":[75,25],"29":[5,5],"30":[5,0],"31":[0,5],"32":[5,0],"33":[0,0],"34":[0,0],"35":[0,5],"36":[0,0],"37":[0,0],"38":[0,0],"39":[0,0],"40":[0,0],"41":[0,0],"42":[0,0],"43":[0,0],"44":[0,0],"45":[0,0],"46":[0,0],"47":[0,0],"48":[0,0],"49":[0,0],"50":[5,0],"51":[0,5],"52":[0,5],"53":[0,5],"54":[0,0],"55":[0,0],"56":[0,5],"57":[0,0],"58":[0,0],"59":[0,0],"60":[0,0],"61":[0,0],"62":[0,0],"63":[0,0],"64":[0,0],"65":[0,25],"66":[25,0]},"_coverageSchema":"43e27e138ebf9cfc5966b082cf9a028302ed4184","hash":"00920213dcdd6bbcbec5844f1f1b582c0b484e9f"}
}
