{"/Users/amandusbutzer/Workspaces/Leaflet.Heightgraph/src/L.Control.Heightgraph.js": {"path":"/Users/amandusbutzer/Workspaces/Leaflet.Heightgraph/src/L.Control.Heightgraph.js","statementMap":{"0":{"start":{"line":1,"column":0},"end":{"line":1052,"column":3}},"1":{"start":{"line":27,"column":8},"end":{"line":27,"column":50}},"2":{"start":{"line":28,"column":8},"end":{"line":28,"column":47}},"3":{"start":{"line":29,"column":8},"end":{"line":29,"column":49}},"4":{"start":{"line":30,"column":8},"end":{"line":30,"column":53}},"5":{"start":{"line":31,"column":8},"end":{"line":31,"column":90}},"6":{"start":{"line":32,"column":8},"end":{"line":32,"column":92}},"7":{"start":{"line":33,"column":8},"end":{"line":33,"column":23}},"8":{"start":{"line":36,"column":24},"end":{"line":36,"column":80}},"9":{"start":{"line":37,"column":8},"end":{"line":37,"column":54}},"10":{"start":{"line":38,"column":30},"end":{"line":38,"column":101}},"11":{"start":{"line":39,"column":19},"end":{"line":39,"column":84}},"12":{"start":{"line":40,"column":26},"end":{"line":40,"column":104}},"13":{"start":{"line":41,"column":8},"end":{"line":41,"column":32}},"14":{"start":{"line":42,"column":8},"end":{"line":42,"column":27}},"15":{"start":{"line":43,"column":8},"end":{"line":43,"column":33}},"16":{"start":{"line":44,"column":18},"end":{"line":50,"column":95}},"17":{"start":{"line":51,"column":8},"end":{"line":51,"column":25}},"18":{"start":{"line":54,"column":8},"end":{"line":54,"column":42}},"19":{"start":{"line":55,"column":8},"end":{"line":55,"column":31}},"20":{"start":{"line":56,"column":8},"end":{"line":56,"column":30}},"21":{"start":{"line":63,"column":8},"end":{"line":66,"column":9}},"22":{"start":{"line":64,"column":12},"end":{"line":65,"column":26}},"23":{"start":{"line":67,"column":8},"end":{"line":67,"column":26}},"24":{"start":{"line":68,"column":8},"end":{"line":68,"column":33}},"25":{"start":{"line":69,"column":8},"end":{"line":69,"column":26}},"26":{"start":{"line":70,"column":8},"end":{"line":70,"column":28}},"27":{"start":{"line":71,"column":8},"end":{"line":71,"column":29}},"28":{"start":{"line":72,"column":8},"end":{"line":72,"column":29}},"29":{"start":{"line":73,"column":8},"end":{"line":73,"column":27}},"30":{"start":{"line":74,"column":8},"end":{"line":74,"column":48}},"31":{"start":{"line":75,"column":8},"end":{"line":75,"column":62}},"32":{"start":{"line":75,"column":35},"end":{"line":75,"column":62}},"33":{"start":{"line":76,"column":8},"end":{"line":76,"column":48}},"34":{"start":{"line":76,"column":33},"end":{"line":76,"column":48}},"35":{"start":{"line":79,"column":8},"end":{"line":83,"column":9}},"36":{"start":{"line":80,"column":12},"end":{"line":80,"column":64}},"37":{"start":{"line":82,"column":12},"end":{"line":82,"column":80}},"38":{"start":{"line":84,"column":8},"end":{"line":84,"column":65}},"39":{"start":{"line":85,"column":8},"end":{"line":85,"column":70}},"40":{"start":{"line":89,"column":8},"end":{"line":89,"column":34}},"41":{"start":{"line":90,"column":8},"end":{"line":90,"column":35}},"42":{"start":{"line":91,"column":8},"end":{"line":91,"column":32}},"43":{"start":{"line":92,"column":8},"end":{"line":92,"column":34}},"44":{"start":{"line":98,"column":8},"end":{"line":100,"column":9}},"45":{"start":{"line":99,"column":12},"end":{"line":99,"column":19}},"46":{"start":{"line":101,"column":28},"end":{"line":101,"column":87}},"47":{"start":{"line":102,"column":17},"end":{"line":102,"column":69}},"48":{"start":{"line":103,"column":17},"end":{"line":103,"column":69}},"49":{"start":{"line":104,"column":8},"end":{"line":120,"column":9}},"50":{"start":{"line":105,"column":20},"end":{"line":107,"column":28}},"51":{"start":{"line":108,"column":12},"end":{"line":108,"column":49}},"52":{"start":{"line":109,"column":12},"end":{"line":116,"column":49}},"53":{"start":{"line":118,"column":12},"end":{"line":119,"column":31}},"54":{"start":{"line":126,"column":8},"end":{"line":130,"column":9}},"55":{"start":{"line":127,"column":12},"end":{"line":127,"column":42}},"56":{"start":{"line":128,"column":12},"end":{"line":128,"column":40}},"57":{"start":{"line":129,"column":12},"end":{"line":129,"column":39}},"58":{"start":{"line":136,"column":8},"end":{"line":141,"column":9}},"59":{"start":{"line":137,"column":12},"end":{"line":137,"column":41}},"60":{"start":{"line":138,"column":12},"end":{"line":138,"column":37}},"61":{"start":{"line":139,"column":12},"end":{"line":139,"column":30}},"62":{"start":{"line":140,"column":12},"end":{"line":140,"column":19}},"63":{"start":{"line":142,"column":20},"end":{"line":142,"column":64}},"64":{"start":{"line":143,"column":20},"end":{"line":143,"column":66}},"65":{"start":{"line":144,"column":8},"end":{"line":144,"column":39}},"66":{"start":{"line":145,"column":8},"end":{"line":145,"column":37}},"67":{"start":{"line":146,"column":8},"end":{"line":146,"column":33}},"68":{"start":{"line":149,"column":8},"end":{"line":149,"column":34}},"69":{"start":{"line":150,"column":8},"end":{"line":150,"column":35}},"70":{"start":{"line":151,"column":8},"end":{"line":151,"column":33}},"71":{"start":{"line":152,"column":8},"end":{"line":152,"column":66}},"72":{"start":{"line":158,"column":20},"end":{"line":158,"column":44}},"73":{"start":{"line":159,"column":18},"end":{"line":159,"column":42}},"74":{"start":{"line":160,"column":18},"end":{"line":160,"column":90}},"75":{"start":{"line":161,"column":8},"end":{"line":161,"column":33}},"76":{"start":{"line":167,"column":8},"end":{"line":183,"column":9}},"77":{"start":{"line":168,"column":12},"end":{"line":169,"column":42}},"78":{"start":{"line":170,"column":12},"end":{"line":172,"column":43}},"79":{"start":{"line":173,"column":12},"end":{"line":174,"column":43}},"80":{"start":{"line":176,"column":12},"end":{"line":177,"column":43}},"81":{"start":{"line":178,"column":12},"end":{"line":180,"column":42}},"82":{"start":{"line":181,"column":12},"end":{"line":182,"column":42}},"83":{"start":{"line":184,"column":8},"end":{"line":184,"column":43}},"84":{"start":{"line":185,"column":8},"end":{"line":187,"column":9}},"85":{"start":{"line":186,"column":12},"end":{"line":186,"column":57}},"86":{"start":{"line":194,"column":8},"end":{"line":194,"column":87}},"87":{"start":{"line":195,"column":8},"end":{"line":216,"column":9}},"88":{"start":{"line":196,"column":12},"end":{"line":215,"column":13}},"89":{"start":{"line":198,"column":16},"end":{"line":199,"column":30}},"90":{"start":{"line":201,"column":16},"end":{"line":202,"column":30}},"91":{"start":{"line":204,"column":16},"end":{"line":205,"column":30}},"92":{"start":{"line":207,"column":16},"end":{"line":208,"column":30}},"93":{"start":{"line":209,"column":16},"end":{"line":210,"column":30}},"94":{"start":{"line":211,"column":16},"end":{"line":212,"column":30}},"95":{"start":{"line":213,"column":16},"end":{"line":213,"column":50}},"96":{"start":{"line":214,"column":16},"end":{"line":214,"column":50}},"97":{"start":{"line":222,"column":8},"end":{"line":222,"column":59}},"98":{"start":{"line":249,"column":8},"end":{"line":249,"column":27}},"99":{"start":{"line":250,"column":8},"end":{"line":250,"column":39}},"100":{"start":{"line":251,"column":8},"end":{"line":251,"column":38}},"101":{"start":{"line":252,"column":8},"end":{"line":252,"column":40}},"102":{"start":{"line":253,"column":8},"end":{"line":253,"column":43}},"103":{"start":{"line":254,"column":8},"end":{"line":254,"column":34}},"104":{"start":{"line":255,"column":19},"end":{"line":255,"column":29}},"105":{"start":{"line":256,"column":26},"end":{"line":256,"column":28}},"106":{"start":{"line":258,"column":8},"end":{"line":261,"column":9}},"107":{"start":{"line":259,"column":31},"end":{"line":259,"column":69}},"108":{"start":{"line":260,"column":12},"end":{"line":260,"column":90}},"109":{"start":{"line":262,"column":8},"end":{"line":353,"column":9}},"110":{"start":{"line":262,"column":21},"end":{"line":262,"column":22}},"111":{"start":{"line":263,"column":30},"end":{"line":263,"column":31}},"112":{"start":{"line":264,"column":12},"end":{"line":264,"column":41}},"113":{"start":{"line":265,"column":12},"end":{"line":268,"column":14}},"114":{"start":{"line":269,"column":12},"end":{"line":269,"column":51}},"115":{"start":{"line":270,"column":12},"end":{"line":270,"column":52}},"116":{"start":{"line":271,"column":12},"end":{"line":271,"column":52}},"117":{"start":{"line":272,"column":12},"end":{"line":272,"column":48}},"118":{"start":{"line":273,"column":25},"end":{"line":273,"column":26}},"119":{"start":{"line":274,"column":29},"end":{"line":274,"column":31}},"120":{"start":{"line":275,"column":12},"end":{"line":349,"column":13}},"121":{"start":{"line":278,"column":31},"end":{"line":278,"column":33}},"122":{"start":{"line":279,"column":35},"end":{"line":279,"column":82}},"123":{"start":{"line":281,"column":36},"end":{"line":281,"column":80}},"124":{"start":{"line":284,"column":16},"end":{"line":296,"column":17}},"125":{"start":{"line":285,"column":20},"end":{"line":292,"column":21}},"126":{"start":{"line":286,"column":24},"end":{"line":286,"column":45}},"127":{"start":{"line":287,"column":24},"end":{"line":287,"column":58}},"128":{"start":{"line":289,"column":24},"end":{"line":289,"column":45}},"129":{"start":{"line":290,"column":24},"end":{"line":290,"column":46}},"130":{"start":{"line":291,"column":24},"end":{"line":291,"column":58}},"131":{"start":{"line":294,"column":20},"end":{"line":294,"column":90}},"132":{"start":{"line":295,"column":20},"end":{"line":295,"column":92}},"133":{"start":{"line":297,"column":32},"end":{"line":301,"column":17}},"134":{"start":{"line":302,"column":16},"end":{"line":302,"column":67}},"135":{"start":{"line":304,"column":16},"end":{"line":306,"column":17}},"136":{"start":{"line":305,"column":20},"end":{"line":305,"column":78}},"137":{"start":{"line":307,"column":16},"end":{"line":346,"column":17}},"138":{"start":{"line":307,"column":29},"end":{"line":307,"column":30}},"139":{"start":{"line":308,"column":20},"end":{"line":308,"column":135}},"140":{"start":{"line":309,"column":20},"end":{"line":309,"column":78}},"141":{"start":{"line":312,"column":20},"end":{"line":329,"column":21}},"142":{"start":{"line":313,"column":24},"end":{"line":313,"column":147}},"143":{"start":{"line":314,"column":24},"end":{"line":314,"column":64}},"144":{"start":{"line":316,"column":24},"end":{"line":316,"column":50}},"145":{"start":{"line":317,"column":24},"end":{"line":321,"column":25}},"146":{"start":{"line":318,"column":28},"end":{"line":318,"column":68}},"147":{"start":{"line":319,"column":28},"end":{"line":319,"column":64}},"148":{"start":{"line":320,"column":28},"end":{"line":320,"column":73}},"149":{"start":{"line":322,"column":24},"end":{"line":322,"column":33}},"150":{"start":{"line":323,"column":27},"end":{"line":329,"column":21}},"151":{"start":{"line":324,"column":24},"end":{"line":327,"column":25}},"152":{"start":{"line":325,"column":28},"end":{"line":325,"column":68}},"153":{"start":{"line":326,"column":28},"end":{"line":326,"column":64}},"154":{"start":{"line":328,"column":24},"end":{"line":328,"column":33}},"155":{"start":{"line":332,"column":20},"end":{"line":336,"column":21}},"156":{"start":{"line":333,"column":24},"end":{"line":333,"column":67}},"157":{"start":{"line":335,"column":24},"end":{"line":335,"column":71}},"158":{"start":{"line":337,"column":20},"end":{"line":345,"column":23}},"159":{"start":{"line":347,"column":16},"end":{"line":347,"column":68}},"160":{"start":{"line":348,"column":16},"end":{"line":348,"column":66}},"161":{"start":{"line":350,"column":12},"end":{"line":352,"column":13}},"162":{"start":{"line":351,"column":16},"end":{"line":351,"column":58}},"163":{"start":{"line":359,"column":18},"end":{"line":359,"column":79}},"164":{"start":{"line":360,"column":18},"end":{"line":360,"column":79}},"165":{"start":{"line":361,"column":23},"end":{"line":361,"column":100}},"166":{"start":{"line":362,"column":8},"end":{"line":362,"column":129}},"167":{"start":{"line":363,"column":8},"end":{"line":363,"column":90}},"168":{"start":{"line":372,"column":25},"end":{"line":372,"column":57}},"169":{"start":{"line":373,"column":26},"end":{"line":373,"column":43}},"170":{"start":{"line":374,"column":8},"end":{"line":398,"column":9}},"171":{"start":{"line":375,"column":26},"end":{"line":376,"column":28}},"172":{"start":{"line":377,"column":12},"end":{"line":382,"column":33}},"173":{"start":{"line":383,"column":12},"end":{"line":384,"column":53}},"174":{"start":{"line":385,"column":12},"end":{"line":386,"column":39}},"175":{"start":{"line":387,"column":12},"end":{"line":388,"column":40}},"176":{"start":{"line":389,"column":12},"end":{"line":390,"column":40}},"177":{"start":{"line":391,"column":25},"end":{"line":392,"column":53}},"178":{"start":{"line":393,"column":12},"end":{"line":397,"column":60}},"179":{"start":{"line":399,"column":8},"end":{"line":399,"column":62}},"180":{"start":{"line":400,"column":8},"end":{"line":404,"column":39}},"181":{"start":{"line":405,"column":8},"end":{"line":406,"column":39}},"182":{"start":{"line":407,"column":8},"end":{"line":409,"column":35}},"183":{"start":{"line":410,"column":8},"end":{"line":413,"column":58}},"184":{"start":{"line":414,"column":8},"end":{"line":417,"column":58}},"185":{"start":{"line":418,"column":23},"end":{"line":418,"column":60}},"186":{"start":{"line":420,"column":24},"end":{"line":420,"column":59}},"187":{"start":{"line":421,"column":8},"end":{"line":423,"column":39}},"188":{"start":{"line":429,"column":8},"end":{"line":429,"column":53}},"189":{"start":{"line":430,"column":8},"end":{"line":430,"column":59}},"190":{"start":{"line":431,"column":8},"end":{"line":433,"column":9}},"191":{"start":{"line":431,"column":21},"end":{"line":431,"column":22}},"192":{"start":{"line":432,"column":12},"end":{"line":432,"column":48}},"193":{"start":{"line":434,"column":8},"end":{"line":434,"column":28}},"194":{"start":{"line":435,"column":8},"end":{"line":435,"column":33}},"195":{"start":{"line":436,"column":8},"end":{"line":436,"column":36}},"196":{"start":{"line":437,"column":8},"end":{"line":437,"column":29}},"197":{"start":{"line":438,"column":8},"end":{"line":438,"column":37}},"198":{"start":{"line":444,"column":26},"end":{"line":444,"column":53}},"199":{"start":{"line":445,"column":27},"end":{"line":445,"column":29}},"200":{"start":{"line":446,"column":8},"end":{"line":449,"column":9}},"201":{"start":{"line":447,"column":12},"end":{"line":447,"column":33}},"202":{"start":{"line":448,"column":12},"end":{"line":448,"column":42}},"203":{"start":{"line":450,"column":8},"end":{"line":451,"column":39}},"204":{"start":{"line":453,"column":8},"end":{"line":456,"column":37}},"205":{"start":{"line":458,"column":8},"end":{"line":462,"column":56}},"206":{"start":{"line":464,"column":8},"end":{"line":468,"column":57}},"207":{"start":{"line":470,"column":8},"end":{"line":474,"column":62}},"208":{"start":{"line":476,"column":8},"end":{"line":480,"column":52}},"209":{"start":{"line":481,"column":8},"end":{"line":482,"column":36}},"210":{"start":{"line":483,"column":8},"end":{"line":484,"column":36}},"211":{"start":{"line":485,"column":21},"end":{"line":485,"column":62}},"212":{"start":{"line":486,"column":8},"end":{"line":488,"column":38}},"213":{"start":{"line":489,"column":8},"end":{"line":490,"column":40}},"214":{"start":{"line":491,"column":8},"end":{"line":493,"column":62}},"215":{"start":{"line":494,"column":8},"end":{"line":495,"column":36}},"216":{"start":{"line":496,"column":8},"end":{"line":497,"column":36}},"217":{"start":{"line":503,"column":19},"end":{"line":503,"column":23}},"218":{"start":{"line":504,"column":8},"end":{"line":510,"column":38}},"219":{"start":{"line":511,"column":8},"end":{"line":515,"column":35}},"220":{"start":{"line":518,"column":26},"end":{"line":525,"column":10}},"221":{"start":{"line":526,"column":29},"end":{"line":550,"column":38}},"222":{"start":{"line":533,"column":20},"end":{"line":533,"column":34}},"223":{"start":{"line":536,"column":20},"end":{"line":536,"column":34}},"224":{"start":{"line":539,"column":16},"end":{"line":539,"column":84}},"225":{"start":{"line":542,"column":16},"end":{"line":542,"column":28}},"226":{"start":{"line":545,"column":16},"end":{"line":545,"column":31}},"227":{"start":{"line":553,"column":12},"end":{"line":555,"column":41}},"228":{"start":{"line":556,"column":12},"end":{"line":558,"column":41}},"229":{"start":{"line":562,"column":23},"end":{"line":562,"column":38}},"230":{"start":{"line":563,"column":12},"end":{"line":566,"column":19}},"231":{"start":{"line":565,"column":20},"end":{"line":565,"column":147}},"232":{"start":{"line":567,"column":12},"end":{"line":569,"column":92}},"233":{"start":{"line":570,"column":12},"end":{"line":574,"column":13}},"234":{"start":{"line":571,"column":16},"end":{"line":571,"column":45}},"235":{"start":{"line":573,"column":16},"end":{"line":573,"column":75}},"236":{"start":{"line":575,"column":12},"end":{"line":577,"column":127}},"237":{"start":{"line":581,"column":12},"end":{"line":582,"column":42}},"238":{"start":{"line":583,"column":12},"end":{"line":584,"column":42}},"239":{"start":{"line":585,"column":12},"end":{"line":585,"column":46}},"240":{"start":{"line":586,"column":12},"end":{"line":586,"column":61}},"241":{"start":{"line":593,"column":8},"end":{"line":597,"column":9}},"242":{"start":{"line":594,"column":12},"end":{"line":596,"column":32}},"243":{"start":{"line":603,"column":8},"end":{"line":605,"column":9}},"244":{"start":{"line":604,"column":12},"end":{"line":604,"column":56}},"245":{"start":{"line":612,"column":24},"end":{"line":612,"column":66}},"246":{"start":{"line":613,"column":25},"end":{"line":613,"column":52}},"247":{"start":{"line":614,"column":25},"end":{"line":614,"column":52}},"248":{"start":{"line":615,"column":21},"end":{"line":615,"column":34}},"249":{"start":{"line":616,"column":20},"end":{"line":616,"column":72}},"250":{"start":{"line":617,"column":21},"end":{"line":617,"column":74}},"251":{"start":{"line":618,"column":8},"end":{"line":619,"column":31}},"252":{"start":{"line":620,"column":8},"end":{"line":621,"column":32}},"253":{"start":{"line":622,"column":8},"end":{"line":622,"column":57}},"254":{"start":{"line":623,"column":8},"end":{"line":623,"column":49}},"255":{"start":{"line":624,"column":8},"end":{"line":636,"column":9}},"256":{"start":{"line":625,"column":12},"end":{"line":629,"column":19}},"257":{"start":{"line":628,"column":20},"end":{"line":628,"column":55}},"258":{"start":{"line":631,"column":12},"end":{"line":635,"column":19}},"259":{"start":{"line":634,"column":20},"end":{"line":634,"column":55}},"260":{"start":{"line":637,"column":8},"end":{"line":639,"column":9}},"261":{"start":{"line":638,"column":12},"end":{"line":638,"column":51}},"262":{"start":{"line":640,"column":8},"end":{"line":644,"column":15}},"263":{"start":{"line":643,"column":16},"end":{"line":643,"column":32}},"264":{"start":{"line":645,"column":8},"end":{"line":647,"column":9}},"265":{"start":{"line":646,"column":12},"end":{"line":646,"column":51}},"266":{"start":{"line":648,"column":8},"end":{"line":650,"column":22}},"267":{"start":{"line":656,"column":25},"end":{"line":666,"column":70}},"268":{"start":{"line":667,"column":8},"end":{"line":678,"column":9}},"269":{"start":{"line":668,"column":12},"end":{"line":670,"column":78}},"270":{"start":{"line":671,"column":12},"end":{"line":671,"column":83}},"271":{"start":{"line":673,"column":12},"end":{"line":676,"column":68}},"272":{"start":{"line":677,"column":12},"end":{"line":677,"column":82}},"273":{"start":{"line":684,"column":8},"end":{"line":689,"column":33}},"274":{"start":{"line":690,"column":8},"end":{"line":695,"column":33}},"275":{"start":{"line":696,"column":8},"end":{"line":699,"column":31}},"276":{"start":{"line":700,"column":8},"end":{"line":703,"column":31}},"277":{"start":{"line":709,"column":16},"end":{"line":709,"column":66}},"278":{"start":{"line":710,"column":19},"end":{"line":710,"column":23}},"279":{"start":{"line":711,"column":19},"end":{"line":721,"column":34}},"280":{"start":{"line":713,"column":33},"end":{"line":713,"column":52}},"281":{"start":{"line":714,"column":16},"end":{"line":714,"column":42}},"282":{"start":{"line":715,"column":16},"end":{"line":715,"column":34}},"283":{"start":{"line":719,"column":16},"end":{"line":719,"column":43}},"284":{"start":{"line":722,"column":8},"end":{"line":723,"column":35}},"285":{"start":{"line":724,"column":8},"end":{"line":728,"column":45}},"286":{"start":{"line":732,"column":8},"end":{"line":733,"column":28}},"287":{"start":{"line":737,"column":8},"end":{"line":738,"column":28}},"288":{"start":{"line":744,"column":19},"end":{"line":744,"column":23}},"289":{"start":{"line":745,"column":18},"end":{"line":746,"column":26}},"290":{"start":{"line":747,"column":21},"end":{"line":747,"column":34}},"291":{"start":{"line":748,"column":20},"end":{"line":748,"column":72}},"292":{"start":{"line":749,"column":21},"end":{"line":749,"column":74}},"293":{"start":{"line":750,"column":26},"end":{"line":764,"column":10}},"294":{"start":{"line":765,"column":28},"end":{"line":786,"column":14}},"295":{"start":{"line":772,"column":20},"end":{"line":772,"column":34}},"296":{"start":{"line":775,"column":16},"end":{"line":775,"column":84}},"297":{"start":{"line":778,"column":16},"end":{"line":778,"column":28}},"298":{"start":{"line":781,"column":16},"end":{"line":781,"column":31}},"299":{"start":{"line":784,"column":16},"end":{"line":784,"column":64}},"300":{"start":{"line":784,"column":51},"end":{"line":784,"column":64}},"301":{"start":{"line":785,"column":16},"end":{"line":785,"column":62}},"302":{"start":{"line":785,"column":50},"end":{"line":785,"column":62}},"303":{"start":{"line":787,"column":21},"end":{"line":787,"column":48}},"304":{"start":{"line":788,"column":17},"end":{"line":788,"column":37}},"305":{"start":{"line":789,"column":8},"end":{"line":789,"column":28}},"306":{"start":{"line":792,"column":26},"end":{"line":792,"column":51}},"307":{"start":{"line":793,"column":12},"end":{"line":796,"column":13}},"308":{"start":{"line":794,"column":16},"end":{"line":794,"column":28}},"309":{"start":{"line":795,"column":16},"end":{"line":795,"column":41}},"310":{"start":{"line":797,"column":12},"end":{"line":797,"column":37}},"311":{"start":{"line":798,"column":12},"end":{"line":798,"column":50}},"312":{"start":{"line":802,"column":26},"end":{"line":802,"column":51}},"313":{"start":{"line":803,"column":12},"end":{"line":806,"column":13}},"314":{"start":{"line":804,"column":16},"end":{"line":804,"column":58}},"315":{"start":{"line":805,"column":16},"end":{"line":805,"column":71}},"316":{"start":{"line":807,"column":12},"end":{"line":807,"column":37}},"317":{"start":{"line":808,"column":12},"end":{"line":808,"column":50}},"318":{"start":{"line":812,"column":23},"end":{"line":812,"column":52}},"319":{"start":{"line":813,"column":23},"end":{"line":815,"column":14}},"320":{"start":{"line":816,"column":12},"end":{"line":816,"column":66}},"321":{"start":{"line":816,"column":37},"end":{"line":816,"column":66}},"322":{"start":{"line":817,"column":12},"end":{"line":827,"column":45}},"323":{"start":{"line":824,"column":20},"end":{"line":824,"column":39}},"324":{"start":{"line":834,"column":19},"end":{"line":834,"column":23}},"325":{"start":{"line":837,"column":19},"end":{"line":837,"column":21}},"326":{"start":{"line":838,"column":8},"end":{"line":840,"column":9}},"327":{"start":{"line":839,"column":12},"end":{"line":839,"column":79}},"328":{"start":{"line":841,"column":21},"end":{"line":841,"column":34}},"329":{"start":{"line":842,"column":20},"end":{"line":842,"column":72}},"330":{"start":{"line":843,"column":21},"end":{"line":843,"column":74}},"331":{"start":{"line":844,"column":18},"end":{"line":846,"column":10}},"332":{"start":{"line":847,"column":29},"end":{"line":847,"column":30}},"333":{"start":{"line":848,"column":28},"end":{"line":848,"column":29}},"334":{"start":{"line":849,"column":21},"end":{"line":861,"column":14}},"335":{"start":{"line":856,"column":29},"end":{"line":856,"column":59}},"336":{"start":{"line":857,"column":29},"end":{"line":857,"column":39}},"337":{"start":{"line":858,"column":27},"end":{"line":858,"column":46}},"338":{"start":{"line":859,"column":27},"end":{"line":859,"column":46}},"339":{"start":{"line":860,"column":16},"end":{"line":860,"column":62}},"340":{"start":{"line":862,"column":8},"end":{"line":871,"column":15}},"341":{"start":{"line":870,"column":16},"end":{"line":870,"column":31}},"342":{"start":{"line":872,"column":8},"end":{"line":880,"column":15}},"343":{"start":{"line":877,"column":31},"end":{"line":877,"column":37}},"344":{"start":{"line":878,"column":16},"end":{"line":878,"column":70}},"345":{"start":{"line":879,"column":16},"end":{"line":879,"column":32}},"346":{"start":{"line":881,"column":8},"end":{"line":885,"column":43}},"347":{"start":{"line":886,"column":8},"end":{"line":905,"column":15}},"348":{"start":{"line":892,"column":16},"end":{"line":892,"column":30}},"349":{"start":{"line":895,"column":16},"end":{"line":896,"column":47}},"350":{"start":{"line":897,"column":16},"end":{"line":898,"column":47}},"351":{"start":{"line":901,"column":16},"end":{"line":902,"column":46}},"352":{"start":{"line":903,"column":16},"end":{"line":904,"column":46}},"353":{"start":{"line":913,"column":18},"end":{"line":915,"column":19}},"354":{"start":{"line":916,"column":21},"end":{"line":916,"column":23}},"355":{"start":{"line":917,"column":8},"end":{"line":921,"column":9}},"356":{"start":{"line":917,"column":21},"end":{"line":917,"column":22}},"357":{"start":{"line":918,"column":12},"end":{"line":920,"column":24}},"358":{"start":{"line":922,"column":23},"end":{"line":922,"column":37}},"359":{"start":{"line":923,"column":8},"end":{"line":923,"column":31}},"360":{"start":{"line":929,"column":19},"end":{"line":929,"column":23}},"361":{"start":{"line":930,"column":19},"end":{"line":930,"column":40}},"362":{"start":{"line":931,"column":28},"end":{"line":940,"column":33}},"363":{"start":{"line":933,"column":24},"end":{"line":933,"column":31}},"364":{"start":{"line":934,"column":16},"end":{"line":934,"column":37}},"365":{"start":{"line":937,"column":24},"end":{"line":937,"column":31}},"366":{"start":{"line":938,"column":16},"end":{"line":938,"column":37}},"367":{"start":{"line":941,"column":8},"end":{"line":943,"column":41}},"368":{"start":{"line":949,"column":8},"end":{"line":955,"column":9}},"369":{"start":{"line":950,"column":12},"end":{"line":950,"column":50}},"370":{"start":{"line":951,"column":12},"end":{"line":951,"column":49}},"371":{"start":{"line":952,"column":12},"end":{"line":952,"column":53}},"372":{"start":{"line":953,"column":12},"end":{"line":953,"column":60}},"373":{"start":{"line":954,"column":12},"end":{"line":954,"column":65}},"374":{"start":{"line":961,"column":21},"end":{"line":961,"column":47}},"375":{"start":{"line":963,"column":19},"end":{"line":963,"column":71}},"376":{"start":{"line":964,"column":18},"end":{"line":964,"column":31}},"377":{"start":{"line":965,"column":19},"end":{"line":965,"column":32}},"378":{"start":{"line":966,"column":17},"end":{"line":966,"column":28}},"379":{"start":{"line":967,"column":22},"end":{"line":967,"column":34}},"380":{"start":{"line":968,"column":19},"end":{"line":968,"column":28}},"381":{"start":{"line":969,"column":23},"end":{"line":969,"column":69}},"382":{"start":{"line":970,"column":8},"end":{"line":974,"column":9}},"383":{"start":{"line":971,"column":12},"end":{"line":971,"column":87}},"384":{"start":{"line":973,"column":12},"end":{"line":973,"column":155}},"385":{"start":{"line":975,"column":8},"end":{"line":975,"column":40}},"386":{"start":{"line":976,"column":8},"end":{"line":976,"column":60}},"387":{"start":{"line":977,"column":8},"end":{"line":977,"column":46}},"388":{"start":{"line":978,"column":8},"end":{"line":978,"column":66}},"389":{"start":{"line":979,"column":8},"end":{"line":979,"column":41}},"390":{"start":{"line":980,"column":8},"end":{"line":980,"column":48}},"391":{"start":{"line":981,"column":8},"end":{"line":983,"column":39}},"392":{"start":{"line":984,"column":27},"end":{"line":984,"column":57}},"393":{"start":{"line":985,"column":25},"end":{"line":985,"column":77}},"394":{"start":{"line":986,"column":8},"end":{"line":989,"column":9}},"395":{"start":{"line":987,"column":12},"end":{"line":988,"column":116}},"396":{"start":{"line":990,"column":8},"end":{"line":993,"column":9}},"397":{"start":{"line":991,"column":12},"end":{"line":992,"column":115}},"398":{"start":{"line":999,"column":21},"end":{"line":1002,"column":17}},"399":{"start":{"line":1000,"column":16},"end":{"line":1000,"column":34}},"400":{"start":{"line":1003,"column":22},"end":{"line":1003,"column":39}},"401":{"start":{"line":1004,"column":8},"end":{"line":1004,"column":54}},"402":{"start":{"line":1010,"column":19},"end":{"line":1010,"column":23}},"403":{"start":{"line":1014,"column":23},"end":{"line":1014,"column":25}},"404":{"start":{"line":1015,"column":12},"end":{"line":1019,"column":13}},"405":{"start":{"line":1015,"column":25},"end":{"line":1015,"column":26}},"406":{"start":{"line":1016,"column":16},"end":{"line":1018,"column":17}},"407":{"start":{"line":1017,"column":20},"end":{"line":1017,"column":33}},"408":{"start":{"line":1021,"column":26},"end":{"line":1021,"column":28}},"409":{"start":{"line":1022,"column":24},"end":{"line":1022,"column":25}},"410":{"start":{"line":1023,"column":12},"end":{"line":1028,"column":13}},"411":{"start":{"line":1023,"column":25},"end":{"line":1023,"column":26}},"412":{"start":{"line":1024,"column":16},"end":{"line":1027,"column":17}},"413":{"start":{"line":1025,"column":20},"end":{"line":1025,"column":59}},"414":{"start":{"line":1026,"column":20},"end":{"line":1026,"column":34}},"415":{"start":{"line":1029,"column":12},"end":{"line":1029,"column":57}},"416":{"start":{"line":1031,"column":12},"end":{"line":1035,"column":13}},"417":{"start":{"line":1031,"column":25},"end":{"line":1031,"column":26}},"418":{"start":{"line":1032,"column":16},"end":{"line":1034,"column":17}},"419":{"start":{"line":1032,"column":29},"end":{"line":1032,"column":30}},"420":{"start":{"line":1033,"column":20},"end":{"line":1033,"column":60}},"421":{"start":{"line":1036,"column":12},"end":{"line":1036,"column":27}},"422":{"start":{"line":1038,"column":22},"end":{"line":1038,"column":39}},"423":{"start":{"line":1039,"column":8},"end":{"line":1039,"column":54}},"424":{"start":{"line":1045,"column":8},"end":{"line":1046,"column":49}},"425":{"start":{"line":1046,"column":12},"end":{"line":1046,"column":49}},"426":{"start":{"line":1047,"column":8},"end":{"line":1048,"column":49}},"427":{"start":{"line":1048,"column":12},"end":{"line":1048,"column":49}},"428":{"start":{"line":1049,"column":8},"end":{"line":1049,"column":83}},"429":{"start":{"line":1050,"column":8},"end":{"line":1050,"column":38}},"430":{"start":{"line":1053,"column":0},"end":{"line":1055,"column":2}},"431":{"start":{"line":1054,"column":4},"end":{"line":1054,"column":46}}},"fnMap":{"0":{"name":"(anonymous_0)","decl":{"start":{"line":26,"column":19},"end":{"line":26,"column":20}},"loc":{"start":{"line":26,"column":32},"end":{"line":34,"column":5}},"line":26},"1":{"name":"(anonymous_1)","decl":{"start":{"line":35,"column":11},"end":{"line":35,"column":12}},"loc":{"start":{"line":35,"column":25},"end":{"line":52,"column":5}},"line":35},"2":{"name":"(anonymous_2)","decl":{"start":{"line":53,"column":14},"end":{"line":53,"column":15}},"loc":{"start":{"line":53,"column":28},"end":{"line":57,"column":5}},"line":53},"3":{"name":"(anonymous_3)","decl":{"start":{"line":62,"column":13},"end":{"line":62,"column":14}},"loc":{"start":{"line":62,"column":28},"end":{"line":77,"column":5}},"line":62},"4":{"name":"(anonymous_4)","decl":{"start":{"line":78,"column":17},"end":{"line":78,"column":18}},"loc":{"start":{"line":78,"column":28},"end":{"line":86,"column":5}},"line":78},"5":{"name":"(anonymous_5)","decl":{"start":{"line":87,"column":18},"end":{"line":87,"column":19}},"loc":{"start":{"line":87,"column":29},"end":{"line":93,"column":5}},"line":87},"6":{"name":"(anonymous_6)","decl":{"start":{"line":97,"column":24},"end":{"line":97,"column":25}},"loc":{"start":{"line":97,"column":35},"end":{"line":121,"column":5}},"line":97},"7":{"name":"(anonymous_7)","decl":{"start":{"line":125,"column":16},"end":{"line":125,"column":17}},"loc":{"start":{"line":125,"column":27},"end":{"line":131,"column":5}},"line":125},"8":{"name":"(anonymous_8)","decl":{"start":{"line":135,"column":21},"end":{"line":135,"column":22}},"loc":{"start":{"line":135,"column":32},"end":{"line":147,"column":5}},"line":135},"9":{"name":"(anonymous_9)","decl":{"start":{"line":148,"column":23},"end":{"line":148,"column":24}},"loc":{"start":{"line":148,"column":34},"end":{"line":153,"column":5}},"line":148},"10":{"name":"(anonymous_10)","decl":{"start":{"line":157,"column":17},"end":{"line":157,"column":18}},"loc":{"start":{"line":157,"column":42},"end":{"line":162,"column":5}},"line":157},"11":{"name":"(anonymous_11)","decl":{"start":{"line":166,"column":13},"end":{"line":166,"column":14}},"loc":{"start":{"line":166,"column":24},"end":{"line":188,"column":5}},"line":166},"12":{"name":"(anonymous_12)","decl":{"start":{"line":193,"column":16},"end":{"line":193,"column":17}},"loc":{"start":{"line":193,"column":41},"end":{"line":217,"column":5}},"line":193},"13":{"name":"(anonymous_13)","decl":{"start":{"line":221,"column":19},"end":{"line":221,"column":20}},"loc":{"start":{"line":221,"column":33},"end":{"line":223,"column":5}},"line":221},"14":{"name":"(anonymous_14)","decl":{"start":{"line":248,"column":18},"end":{"line":248,"column":19}},"loc":{"start":{"line":248,"column":29},"end":{"line":354,"column":5}},"line":248},"15":{"name":"(anonymous_15)","decl":{"start":{"line":358,"column":19},"end":{"line":358,"column":20}},"loc":{"start":{"line":358,"column":30},"end":{"line":364,"column":5}},"line":358},"16":{"name":"(anonymous_16)","decl":{"start":{"line":371,"column":17},"end":{"line":371,"column":18}},"loc":{"start":{"line":371,"column":44},"end":{"line":424,"column":5}},"line":371},"17":{"name":"(anonymous_17)","decl":{"start":{"line":428,"column":18},"end":{"line":428,"column":19}},"loc":{"start":{"line":428,"column":32},"end":{"line":439,"column":5}},"line":428},"18":{"name":"(anonymous_18)","decl":{"start":{"line":443,"column":18},"end":{"line":443,"column":19}},"loc":{"start":{"line":443,"column":29},"end":{"line":498,"column":5}},"line":443},"19":{"name":"(anonymous_19)","decl":{"start":{"line":502,"column":27},"end":{"line":502,"column":28}},"loc":{"start":{"line":502,"column":38},"end":{"line":588,"column":5}},"line":502},"20":{"name":"(anonymous_20)","decl":{"start":{"line":532,"column":22},"end":{"line":532,"column":23}},"loc":{"start":{"line":532,"column":34},"end":{"line":534,"column":17}},"line":532},"21":{"name":"(anonymous_21)","decl":{"start":{"line":535,"column":22},"end":{"line":535,"column":23}},"loc":{"start":{"line":535,"column":34},"end":{"line":537,"column":17}},"line":535},"22":{"name":"(anonymous_22)","decl":{"start":{"line":538,"column":31},"end":{"line":538,"column":32}},"loc":{"start":{"line":538,"column":43},"end":{"line":540,"column":13}},"line":538},"23":{"name":"(anonymous_23)","decl":{"start":{"line":541,"column":24},"end":{"line":541,"column":25}},"loc":{"start":{"line":541,"column":36},"end":{"line":543,"column":13}},"line":541},"24":{"name":"(anonymous_24)","decl":{"start":{"line":544,"column":27},"end":{"line":544,"column":28}},"loc":{"start":{"line":544,"column":39},"end":{"line":546,"column":13}},"line":544},"25":{"name":"dragstarted","decl":{"start":{"line":552,"column":17},"end":{"line":552,"column":28}},"loc":{"start":{"line":552,"column":32},"end":{"line":559,"column":9}},"line":552},"26":{"name":"dragged","decl":{"start":{"line":561,"column":17},"end":{"line":561,"column":24}},"loc":{"start":{"line":561,"column":28},"end":{"line":578,"column":9}},"line":561},"27":{"name":"(anonymous_27)","decl":{"start":{"line":564,"column":35},"end":{"line":564,"column":36}},"loc":{"start":{"line":564,"column":47},"end":{"line":566,"column":17}},"line":564},"28":{"name":"dragended","decl":{"start":{"line":580,"column":17},"end":{"line":580,"column":26}},"loc":{"start":{"line":580,"column":30},"end":{"line":587,"column":9}},"line":580},"29":{"name":"(anonymous_29)","decl":{"start":{"line":592,"column":24},"end":{"line":592,"column":25}},"loc":{"start":{"line":592,"column":41},"end":{"line":598,"column":5}},"line":592},"30":{"name":"(anonymous_30)","decl":{"start":{"line":602,"column":32},"end":{"line":602,"column":33}},"loc":{"start":{"line":602,"column":43},"end":{"line":606,"column":5}},"line":602},"31":{"name":"(anonymous_31)","decl":{"start":{"line":611,"column":19},"end":{"line":611,"column":20}},"loc":{"start":{"line":611,"column":30},"end":{"line":651,"column":5}},"line":611},"32":{"name":"(anonymous_32)","decl":{"start":{"line":627,"column":28},"end":{"line":627,"column":29}},"loc":{"start":{"line":627,"column":40},"end":{"line":629,"column":17}},"line":627},"33":{"name":"(anonymous_33)","decl":{"start":{"line":633,"column":28},"end":{"line":633,"column":29}},"loc":{"start":{"line":633,"column":40},"end":{"line":635,"column":17}},"line":633},"34":{"name":"(anonymous_34)","decl":{"start":{"line":642,"column":24},"end":{"line":642,"column":25}},"loc":{"start":{"line":642,"column":36},"end":{"line":644,"column":13}},"line":642},"35":{"name":"(anonymous_35)","decl":{"start":{"line":655,"column":23},"end":{"line":655,"column":24}},"loc":{"start":{"line":655,"column":34},"end":{"line":679,"column":5}},"line":655},"36":{"name":"(anonymous_36)","decl":{"start":{"line":683,"column":17},"end":{"line":683,"column":18}},"loc":{"start":{"line":683,"column":28},"end":{"line":704,"column":5}},"line":683},"37":{"name":"(anonymous_37)","decl":{"start":{"line":708,"column":18},"end":{"line":708,"column":19}},"loc":{"start":{"line":708,"column":47},"end":{"line":729,"column":5}},"line":708},"38":{"name":"(anonymous_38)","decl":{"start":{"line":712,"column":15},"end":{"line":712,"column":16}},"loc":{"start":{"line":712,"column":27},"end":{"line":716,"column":13}},"line":712},"39":{"name":"(anonymous_39)","decl":{"start":{"line":718,"column":16},"end":{"line":718,"column":17}},"loc":{"start":{"line":718,"column":28},"end":{"line":720,"column":13}},"line":718},"40":{"name":"(anonymous_40)","decl":{"start":{"line":731,"column":18},"end":{"line":731,"column":19}},"loc":{"start":{"line":731,"column":29},"end":{"line":734,"column":5}},"line":731},"41":{"name":"(anonymous_41)","decl":{"start":{"line":736,"column":18},"end":{"line":736,"column":19}},"loc":{"start":{"line":736,"column":29},"end":{"line":739,"column":5}},"line":736},"42":{"name":"(anonymous_42)","decl":{"start":{"line":743,"column":25},"end":{"line":743,"column":26}},"loc":{"start":{"line":743,"column":36},"end":{"line":829,"column":5}},"line":743},"43":{"name":"(anonymous_43)","decl":{"start":{"line":771,"column":22},"end":{"line":771,"column":23}},"loc":{"start":{"line":771,"column":34},"end":{"line":773,"column":17}},"line":771},"44":{"name":"(anonymous_44)","decl":{"start":{"line":774,"column":31},"end":{"line":774,"column":32}},"loc":{"start":{"line":774,"column":43},"end":{"line":776,"column":13}},"line":774},"45":{"name":"(anonymous_45)","decl":{"start":{"line":777,"column":24},"end":{"line":777,"column":25}},"loc":{"start":{"line":777,"column":36},"end":{"line":779,"column":13}},"line":777},"46":{"name":"(anonymous_46)","decl":{"start":{"line":780,"column":27},"end":{"line":780,"column":28}},"loc":{"start":{"line":780,"column":39},"end":{"line":782,"column":13}},"line":780},"47":{"name":"(anonymous_47)","decl":{"start":{"line":783,"column":25},"end":{"line":783,"column":26}},"loc":{"start":{"line":783,"column":37},"end":{"line":786,"column":13}},"line":783},"48":{"name":"arrowRight","decl":{"start":{"line":791,"column":17},"end":{"line":791,"column":27}},"loc":{"start":{"line":791,"column":30},"end":{"line":799,"column":9}},"line":791},"49":{"name":"arrowLeft","decl":{"start":{"line":801,"column":17},"end":{"line":801,"column":26}},"loc":{"start":{"line":801,"column":29},"end":{"line":809,"column":9}},"line":801},"50":{"name":"chooseSelection","decl":{"start":{"line":811,"column":17},"end":{"line":811,"column":32}},"loc":{"start":{"line":811,"column":37},"end":{"line":828,"column":9}},"line":811},"51":{"name":"(anonymous_51)","decl":{"start":{"line":823,"column":22},"end":{"line":823,"column":23}},"loc":{"start":{"line":823,"column":34},"end":{"line":825,"column":17}},"line":823},"52":{"name":"(anonymous_52)","decl":{"start":{"line":833,"column":19},"end":{"line":833,"column":20}},"loc":{"start":{"line":833,"column":30},"end":{"line":906,"column":5}},"line":833},"53":{"name":"(anonymous_53)","decl":{"start":{"line":855,"column":31},"end":{"line":855,"column":32}},"loc":{"start":{"line":855,"column":46},"end":{"line":861,"column":13}},"line":855},"54":{"name":"(anonymous_54)","decl":{"start":{"line":869,"column":27},"end":{"line":869,"column":28}},"loc":{"start":{"line":869,"column":42},"end":{"line":871,"column":13}},"line":869},"55":{"name":"(anonymous_55)","decl":{"start":{"line":876,"column":18},"end":{"line":876,"column":19}},"loc":{"start":{"line":876,"column":33},"end":{"line":880,"column":13}},"line":876},"56":{"name":"(anonymous_56)","decl":{"start":{"line":891,"column":18},"end":{"line":891,"column":19}},"loc":{"start":{"line":891,"column":33},"end":{"line":893,"column":13}},"line":891},"57":{"name":"(anonymous_57)","decl":{"start":{"line":894,"column":29},"end":{"line":894,"column":30}},"loc":{"start":{"line":894,"column":40},"end":{"line":899,"column":13}},"line":894},"58":{"name":"(anonymous_58)","decl":{"start":{"line":900,"column":30},"end":{"line":900,"column":31}},"loc":{"start":{"line":900,"column":41},"end":{"line":905,"column":13}},"line":900},"59":{"name":"(anonymous_59)","decl":{"start":{"line":912,"column":21},"end":{"line":912,"column":22}},"loc":{"start":{"line":912,"column":41},"end":{"line":924,"column":5}},"line":912},"60":{"name":"(anonymous_60)","decl":{"start":{"line":928,"column":26},"end":{"line":928,"column":27}},"loc":{"start":{"line":928,"column":37},"end":{"line":944,"column":5}},"line":928},"61":{"name":"(anonymous_61)","decl":{"start":{"line":932,"column":15},"end":{"line":932,"column":16}},"loc":{"start":{"line":932,"column":27},"end":{"line":935,"column":13}},"line":932},"62":{"name":"(anonymous_62)","decl":{"start":{"line":936,"column":15},"end":{"line":936,"column":16}},"loc":{"start":{"line":936,"column":27},"end":{"line":939,"column":13}},"line":936},"63":{"name":"(anonymous_63)","decl":{"start":{"line":948,"column":22},"end":{"line":948,"column":23}},"loc":{"start":{"line":948,"column":33},"end":{"line":956,"column":5}},"line":948},"64":{"name":"(anonymous_64)","decl":{"start":{"line":960,"column":23},"end":{"line":960,"column":24}},"loc":{"start":{"line":960,"column":43},"end":{"line":994,"column":5}},"line":960},"65":{"name":"(anonymous_65)","decl":{"start":{"line":998,"column":19},"end":{"line":998,"column":20}},"loc":{"start":{"line":998,"column":31},"end":{"line":1005,"column":5}},"line":998},"66":{"name":"(anonymous_66)","decl":{"start":{"line":999,"column":33},"end":{"line":999,"column":34}},"loc":{"start":{"line":999,"column":45},"end":{"line":1001,"column":13}},"line":999},"67":{"name":"(anonymous_67)","decl":{"start":{"line":1009,"column":21},"end":{"line":1009,"column":22}},"loc":{"start":{"line":1009,"column":33},"end":{"line":1040,"column":5}},"line":1009},"68":{"name":"bisect","decl":{"start":{"line":1012,"column":17},"end":{"line":1012,"column":23}},"loc":{"start":{"line":1012,"column":36},"end":{"line":1037,"column":9}},"line":1012},"69":{"name":"(anonymous_69)","decl":{"start":{"line":1044,"column":21},"end":{"line":1044,"column":22}},"loc":{"start":{"line":1044,"column":34},"end":{"line":1051,"column":5}},"line":1044},"70":{"name":"(anonymous_70)","decl":{"start":{"line":1053,"column":24},"end":{"line":1053,"column":25}},"loc":{"start":{"line":1053,"column":42},"end":{"line":1055,"column":1}},"line":1053}},"branchMap":{"0":{"loc":{"start":{"line":63,"column":8},"end":{"line":66,"column":9}},"type":"if","locations":[{"start":{"line":63,"column":8},"end":{"line":66,"column":9}},{"start":{"line":63,"column":8},"end":{"line":66,"column":9}}],"line":63},"1":{"loc":{"start":{"line":75,"column":8},"end":{"line":75,"column":62}},"type":"if","locations":[{"start":{"line":75,"column":8},"end":{"line":75,"column":62}},{"start":{"line":75,"column":8},"end":{"line":75,"column":62}}],"line":75},"2":{"loc":{"start":{"line":76,"column":8},"end":{"line":76,"column":48}},"type":"if","locations":[{"start":{"line":76,"column":8},"end":{"line":76,"column":48}},{"start":{"line":76,"column":8},"end":{"line":76,"column":48}}],"line":76},"3":{"loc":{"start":{"line":79,"column":8},"end":{"line":83,"column":9}},"type":"if","locations":[{"start":{"line":79,"column":8},"end":{"line":83,"column":9}},{"start":{"line":79,"column":8},"end":{"line":83,"column":9}}],"line":79},"4":{"loc":{"start":{"line":98,"column":8},"end":{"line":100,"column":9}},"type":"if","locations":[{"start":{"line":98,"column":8},"end":{"line":100,"column":9}},{"start":{"line":98,"column":8},"end":{"line":100,"column":9}}],"line":98},"5":{"loc":{"start":{"line":104,"column":8},"end":{"line":120,"column":9}},"type":"if","locations":[{"start":{"line":104,"column":8},"end":{"line":120,"column":9}},{"start":{"line":104,"column":8},"end":{"line":120,"column":9}}],"line":104},"6":{"loc":{"start":{"line":104,"column":12},"end":{"line":104,"column":57}},"type":"binary-expr","locations":[{"start":{"line":104,"column":12},"end":{"line":104,"column":32}},{"start":{"line":104,"column":36},"end":{"line":104,"column":57}}],"line":104},"7":{"loc":{"start":{"line":126,"column":8},"end":{"line":130,"column":9}},"type":"if","locations":[{"start":{"line":126,"column":8},"end":{"line":130,"column":9}},{"start":{"line":126,"column":8},"end":{"line":130,"column":9}}],"line":126},"8":{"loc":{"start":{"line":136,"column":8},"end":{"line":141,"column":9}},"type":"if","locations":[{"start":{"line":136,"column":8},"end":{"line":141,"column":9}},{"start":{"line":136,"column":8},"end":{"line":141,"column":9}}],"line":136},"9":{"loc":{"start":{"line":136,"column":12},"end":{"line":136,"column":55}},"type":"binary-expr","locations":[{"start":{"line":136,"column":12},"end":{"line":136,"column":34}},{"start":{"line":136,"column":38},"end":{"line":136,"column":55}}],"line":136},"10":{"loc":{"start":{"line":167,"column":8},"end":{"line":183,"column":9}},"type":"if","locations":[{"start":{"line":167,"column":8},"end":{"line":183,"column":9}},{"start":{"line":167,"column":8},"end":{"line":183,"column":9}}],"line":167},"11":{"loc":{"start":{"line":185,"column":8},"end":{"line":187,"column":9}},"type":"if","locations":[{"start":{"line":185,"column":8},"end":{"line":187,"column":9}},{"start":{"line":185,"column":8},"end":{"line":187,"column":9}}],"line":185},"12":{"loc":{"start":{"line":194,"column":31},"end":{"line":194,"column":86}},"type":"cond-expr","locations":[{"start":{"line":194,"column":62},"end":{"line":194,"column":63}},{"start":{"line":194,"column":66},"end":{"line":194,"column":86}}],"line":194},"13":{"loc":{"start":{"line":195,"column":8},"end":{"line":216,"column":9}},"type":"if","locations":[{"start":{"line":195,"column":8},"end":{"line":216,"column":9}},{"start":{"line":195,"column":8},"end":{"line":216,"column":9}}],"line":195},"14":{"loc":{"start":{"line":196,"column":12},"end":{"line":215,"column":13}},"type":"if","locations":[{"start":{"line":196,"column":12},"end":{"line":215,"column":13}},{"start":{"line":196,"column":12},"end":{"line":215,"column":13}}],"line":196},"15":{"loc":{"start":{"line":258,"column":8},"end":{"line":261,"column":9}},"type":"if","locations":[{"start":{"line":258,"column":8},"end":{"line":261,"column":9}},{"start":{"line":258,"column":8},"end":{"line":261,"column":9}}],"line":258},"16":{"loc":{"start":{"line":284,"column":16},"end":{"line":296,"column":17}},"type":"if","locations":[{"start":{"line":284,"column":16},"end":{"line":296,"column":17}},{"start":{"line":284,"column":16},"end":{"line":296,"column":17}}],"line":284},"17":{"loc":{"start":{"line":285,"column":20},"end":{"line":292,"column":21}},"type":"if","locations":[{"start":{"line":285,"column":20},"end":{"line":292,"column":21}},{"start":{"line":285,"column":20},"end":{"line":292,"column":21}}],"line":285},"18":{"loc":{"start":{"line":304,"column":16},"end":{"line":306,"column":17}},"type":"if","locations":[{"start":{"line":304,"column":16},"end":{"line":306,"column":17}},{"start":{"line":304,"column":16},"end":{"line":306,"column":17}}],"line":304},"19":{"loc":{"start":{"line":312,"column":20},"end":{"line":329,"column":21}},"type":"if","locations":[{"start":{"line":312,"column":20},"end":{"line":329,"column":21}},{"start":{"line":312,"column":20},"end":{"line":329,"column":21}}],"line":312},"20":{"loc":{"start":{"line":317,"column":24},"end":{"line":321,"column":25}},"type":"if","locations":[{"start":{"line":317,"column":24},"end":{"line":321,"column":25}},{"start":{"line":317,"column":24},"end":{"line":321,"column":25}}],"line":317},"21":{"loc":{"start":{"line":323,"column":27},"end":{"line":329,"column":21}},"type":"if","locations":[{"start":{"line":323,"column":27},"end":{"line":329,"column":21}},{"start":{"line":323,"column":27},"end":{"line":329,"column":21}}],"line":323},"22":{"loc":{"start":{"line":323,"column":31},"end":{"line":323,"column":90}},"type":"binary-expr","locations":[{"start":{"line":323,"column":31},"end":{"line":323,"column":53}},{"start":{"line":323,"column":57},"end":{"line":323,"column":90}}],"line":323},"23":{"loc":{"start":{"line":324,"column":24},"end":{"line":327,"column":25}},"type":"if","locations":[{"start":{"line":324,"column":24},"end":{"line":327,"column":25}},{"start":{"line":324,"column":24},"end":{"line":327,"column":25}}],"line":324},"24":{"loc":{"start":{"line":332,"column":20},"end":{"line":336,"column":21}},"type":"if","locations":[{"start":{"line":332,"column":20},"end":{"line":336,"column":21}},{"start":{"line":332,"column":20},"end":{"line":336,"column":21}}],"line":332},"25":{"loc":{"start":{"line":332,"column":24},"end":{"line":332,"column":81}},"type":"binary-expr","locations":[{"start":{"line":332,"column":24},"end":{"line":332,"column":46}},{"start":{"line":332,"column":50},"end":{"line":332,"column":81}}],"line":332},"26":{"loc":{"start":{"line":350,"column":12},"end":{"line":352,"column":13}},"type":"if","locations":[{"start":{"line":350,"column":12},"end":{"line":352,"column":13}},{"start":{"line":350,"column":12},"end":{"line":352,"column":13}}],"line":350},"27":{"loc":{"start":{"line":362,"column":38},"end":{"line":362,"column":128}},"type":"cond-expr","locations":[{"start":{"line":362,"column":71},"end":{"line":362,"column":108}},{"start":{"line":362,"column":112},"end":{"line":362,"column":128}}],"line":362},"28":{"loc":{"start":{"line":362,"column":71},"end":{"line":362,"column":108}},"type":"cond-expr","locations":[{"start":{"line":362,"column":91},"end":{"line":362,"column":92}},{"start":{"line":362,"column":95},"end":{"line":362,"column":108}}],"line":362},"29":{"loc":{"start":{"line":363,"column":38},"end":{"line":363,"column":89}},"type":"cond-expr","locations":[{"start":{"line":363,"column":68},"end":{"line":363,"column":83}},{"start":{"line":363,"column":86},"end":{"line":363,"column":89}}],"line":363},"30":{"loc":{"start":{"line":374,"column":8},"end":{"line":398,"column":9}},"type":"if","locations":[{"start":{"line":374,"column":8},"end":{"line":398,"column":9}},{"start":{"line":374,"column":8},"end":{"line":398,"column":9}}],"line":374},"31":{"loc":{"start":{"line":420,"column":24},"end":{"line":420,"column":59}},"type":"cond-expr","locations":[{"start":{"line":420,"column":40},"end":{"line":420,"column":46}},{"start":{"line":420,"column":49},"end":{"line":420,"column":59}}],"line":420},"32":{"loc":{"start":{"line":446,"column":8},"end":{"line":449,"column":9}},"type":"if","locations":[{"start":{"line":446,"column":8},"end":{"line":449,"column":9}},{"start":{"line":446,"column":8},"end":{"line":449,"column":9}}],"line":446},"33":{"loc":{"start":{"line":565,"column":55},"end":{"line":565,"column":115}},"type":"cond-expr","locations":[{"start":{"line":565,"column":72},"end":{"line":565,"column":73}},{"start":{"line":565,"column":77},"end":{"line":565,"column":114}}],"line":565},"34":{"loc":{"start":{"line":565,"column":77},"end":{"line":565,"column":114}},"type":"cond-expr","locations":[{"start":{"line":565,"column":97},"end":{"line":565,"column":101}},{"start":{"line":565,"column":104},"end":{"line":565,"column":114}}],"line":565},"35":{"loc":{"start":{"line":568,"column":29},"end":{"line":568,"column":89}},"type":"cond-expr","locations":[{"start":{"line":568,"column":46},"end":{"line":568,"column":47}},{"start":{"line":568,"column":51},"end":{"line":568,"column":88}}],"line":568},"36":{"loc":{"start":{"line":568,"column":51},"end":{"line":568,"column":88}},"type":"cond-expr","locations":[{"start":{"line":568,"column":71},"end":{"line":568,"column":75}},{"start":{"line":568,"column":78},"end":{"line":568,"column":88}}],"line":568},"37":{"loc":{"start":{"line":569,"column":29},"end":{"line":569,"column":89}},"type":"cond-expr","locations":[{"start":{"line":569,"column":46},"end":{"line":569,"column":47}},{"start":{"line":569,"column":51},"end":{"line":569,"column":88}}],"line":569},"38":{"loc":{"start":{"line":569,"column":51},"end":{"line":569,"column":88}},"type":"cond-expr","locations":[{"start":{"line":569,"column":71},"end":{"line":569,"column":75}},{"start":{"line":569,"column":78},"end":{"line":569,"column":88}}],"line":569},"39":{"loc":{"start":{"line":570,"column":12},"end":{"line":574,"column":13}},"type":"if","locations":[{"start":{"line":570,"column":12},"end":{"line":574,"column":13}},{"start":{"line":570,"column":12},"end":{"line":574,"column":13}}],"line":570},"40":{"loc":{"start":{"line":576,"column":28},"end":{"line":576,"column":96}},"type":"cond-expr","locations":[{"start":{"line":576,"column":47},"end":{"line":576,"column":48}},{"start":{"line":576,"column":52},"end":{"line":576,"column":95}}],"line":576},"41":{"loc":{"start":{"line":576,"column":52},"end":{"line":576,"column":95}},"type":"cond-expr","locations":[{"start":{"line":576,"column":72},"end":{"line":576,"column":79}},{"start":{"line":576,"column":82},"end":{"line":576,"column":95}}],"line":576},"42":{"loc":{"start":{"line":577,"column":55},"end":{"line":577,"column":115}},"type":"cond-expr","locations":[{"start":{"line":577,"column":72},"end":{"line":577,"column":73}},{"start":{"line":577,"column":77},"end":{"line":577,"column":114}}],"line":577},"43":{"loc":{"start":{"line":577,"column":77},"end":{"line":577,"column":114}},"type":"cond-expr","locations":[{"start":{"line":577,"column":97},"end":{"line":577,"column":101}},{"start":{"line":577,"column":104},"end":{"line":577,"column":114}}],"line":577},"44":{"loc":{"start":{"line":593,"column":8},"end":{"line":597,"column":9}},"type":"if","locations":[{"start":{"line":593,"column":8},"end":{"line":597,"column":9}},{"start":{"line":593,"column":8},"end":{"line":597,"column":9}}],"line":593},"45":{"loc":{"start":{"line":603,"column":8},"end":{"line":605,"column":9}},"type":"if","locations":[{"start":{"line":603,"column":8},"end":{"line":605,"column":9}},{"start":{"line":603,"column":8},"end":{"line":605,"column":9}}],"line":603},"46":{"loc":{"start":{"line":624,"column":8},"end":{"line":636,"column":9}},"type":"if","locations":[{"start":{"line":624,"column":8},"end":{"line":636,"column":9}},{"start":{"line":624,"column":8},"end":{"line":636,"column":9}}],"line":624},"47":{"loc":{"start":{"line":637,"column":8},"end":{"line":639,"column":9}},"type":"if","locations":[{"start":{"line":637,"column":8},"end":{"line":639,"column":9}},{"start":{"line":637,"column":8},"end":{"line":639,"column":9}}],"line":637},"48":{"loc":{"start":{"line":645,"column":8},"end":{"line":647,"column":9}},"type":"if","locations":[{"start":{"line":645,"column":8},"end":{"line":647,"column":9}},{"start":{"line":645,"column":8},"end":{"line":647,"column":9}}],"line":645},"49":{"loc":{"start":{"line":667,"column":8},"end":{"line":678,"column":9}},"type":"if","locations":[{"start":{"line":667,"column":8},"end":{"line":678,"column":9}},{"start":{"line":667,"column":8},"end":{"line":678,"column":9}}],"line":667},"50":{"loc":{"start":{"line":784,"column":16},"end":{"line":784,"column":64}},"type":"if","locations":[{"start":{"line":784,"column":16},"end":{"line":784,"column":64}},{"start":{"line":784,"column":16},"end":{"line":784,"column":64}}],"line":784},"51":{"loc":{"start":{"line":785,"column":16},"end":{"line":785,"column":62}},"type":"if","locations":[{"start":{"line":785,"column":16},"end":{"line":785,"column":62}},{"start":{"line":785,"column":16},"end":{"line":785,"column":62}}],"line":785},"52":{"loc":{"start":{"line":793,"column":12},"end":{"line":796,"column":13}},"type":"if","locations":[{"start":{"line":793,"column":12},"end":{"line":796,"column":13}},{"start":{"line":793,"column":12},"end":{"line":796,"column":13}}],"line":793},"53":{"loc":{"start":{"line":803,"column":12},"end":{"line":806,"column":13}},"type":"if","locations":[{"start":{"line":803,"column":12},"end":{"line":806,"column":13}},{"start":{"line":803,"column":12},"end":{"line":806,"column":13}}],"line":803},"54":{"loc":{"start":{"line":816,"column":12},"end":{"line":816,"column":66}},"type":"if","locations":[{"start":{"line":816,"column":12},"end":{"line":816,"column":66}},{"start":{"line":816,"column":12},"end":{"line":816,"column":66}}],"line":816},"55":{"loc":{"start":{"line":949,"column":8},"end":{"line":955,"column":9}},"type":"if","locations":[{"start":{"line":949,"column":8},"end":{"line":955,"column":9}},{"start":{"line":949,"column":8},"end":{"line":955,"column":9}}],"line":949},"56":{"loc":{"start":{"line":970,"column":8},"end":{"line":974,"column":9}},"type":"if","locations":[{"start":{"line":970,"column":8},"end":{"line":974,"column":9}},{"start":{"line":970,"column":8},"end":{"line":974,"column":9}}],"line":970},"57":{"loc":{"start":{"line":986,"column":8},"end":{"line":989,"column":9}},"type":"if","locations":[{"start":{"line":986,"column":8},"end":{"line":989,"column":9}},{"start":{"line":986,"column":8},"end":{"line":989,"column":9}}],"line":986},"58":{"loc":{"start":{"line":990,"column":8},"end":{"line":993,"column":9}},"type":"if","locations":[{"start":{"line":990,"column":8},"end":{"line":993,"column":9}},{"start":{"line":990,"column":8},"end":{"line":993,"column":9}}],"line":990},"59":{"loc":{"start":{"line":1016,"column":16},"end":{"line":1018,"column":17}},"type":"if","locations":[{"start":{"line":1016,"column":16},"end":{"line":1018,"column":17}},{"start":{"line":1016,"column":16},"end":{"line":1018,"column":17}}],"line":1016},"60":{"loc":{"start":{"line":1024,"column":16},"end":{"line":1027,"column":17}},"type":"if","locations":[{"start":{"line":1024,"column":16},"end":{"line":1027,"column":17}},{"start":{"line":1024,"column":16},"end":{"line":1027,"column":17}}],"line":1024},"61":{"loc":{"start":{"line":1045,"column":8},"end":{"line":1046,"column":49}},"type":"if","locations":[{"start":{"line":1045,"column":8},"end":{"line":1046,"column":49}},{"start":{"line":1045,"column":8},"end":{"line":1046,"column":49}}],"line":1045},"62":{"loc":{"start":{"line":1047,"column":8},"end":{"line":1048,"column":49}},"type":"if","locations":[{"start":{"line":1047,"column":8},"end":{"line":1048,"column":49}},{"start":{"line":1047,"column":8},"end":{"line":1048,"column":49}}],"line":1047}},"s":{"0":1,"1":4,"2":4,"3":4,"4":4,"5":4,"6":4,"7":4,"8":0,"9":0,"10":0,"11":0,"12":0,"13":0,"14":0,"15":0,"16":0,"17":0,"18":0,"19":0,"20":0,"21":4,"22":4,"23":4,"24":4,"25":4,"26":4,"27":4,"28":4,"29":4,"30":4,"31":4,"32":4,"33":4,"34":4,"35":0,"36":0,"37":0,"38":0,"39":0,"40":0,"41":0,"42":0,"43":0,"44":0,"45":0,"46":0,"47":0,"48":0,"49":0,"50":0,"51":0,"52":0,"53":0,"54":0,"55":0,"56":0,"57":0,"58":0,"59":0,"60":0,"61":0,"62":0,"63":0,"64":0,"65":0,"66":0,"67":0,"68":0,"69":0,"70":0,"71":0,"72":0,"73":0,"74":0,"75":0,"76":4,"77":4,"78":4,"79":4,"80":0,"81":0,"82":0,"83":4,"84":4,"85":0,"86":4,"87":4,"88":0,"89":0,"90":0,"91":0,"92":0,"93":0,"94":0,"95":0,"96":0,"97":4,"98":4,"99":4,"100":4,"101":4,"102":4,"103":4,"104":4,"105":4,"106":4,"107":4,"108":4,"109":4,"110":4,"111":8,"112":8,"113":8,"114":8,"115":8,"116":8,"117":8,"118":8,"119":8,"120":8,"121":20,"122":20,"123":20,"124":20,"125":20,"126":0,"127":0,"128":20,"129":20,"130":20,"131":0,"132":0,"133":20,"134":20,"135":20,"136":20,"137":20,"138":20,"139":60,"140":60,"141":60,"142":40,"143":40,"144":40,"145":40,"146":20,"147":20,"148":20,"149":40,"150":20,"151":8,"152":4,"153":4,"154":8,"155":60,"156":12,"157":48,"158":60,"159":20,"160":20,"161":8,"162":4,"163":4,"164":4,"165":4,"166":4,"167":4,"168":0,"169":0,"170":0,"171":0,"172":0,"173":0,"174":0,"175":0,"176":0,"177":0,"178":0,"179":0,"180":0,"181":0,"182":0,"183":0,"184":0,"185":0,"186":0,"187":0,"188":4,"189":4,"190":4,"191":4,"192":8,"193":4,"194":4,"195":4,"196":4,"197":4,"198":4,"199":4,"200":4,"201":0,"202":0,"203":4,"204":4,"205":4,"206":4,"207":4,"208":4,"209":4,"210":4,"211":4,"212":4,"213":4,"214":4,"215":4,"216":4,"217":4,"218":4,"219":4,"220":4,"221":4,"222":4,"223":4,"224":4,"225":4,"226":4,"227":0,"228":0,"229":0,"230":0,"231":0,"232":0,"233":0,"234":0,"235":0,"236":0,"237":0,"238":0,"239":0,"240":0,"241":0,"242":0,"243":0,"244":0,"245":4,"246":4,"247":4,"248":4,"249":4,"250":4,"251":4,"252":4,"253":4,"254":4,"255":4,"256":4,"257":40,"258":0,"259":0,"260":4,"261":0,"262":4,"263":48,"264":4,"265":0,"266":4,"267":4,"268":4,"269":0,"270":0,"271":4,"272":4,"273":4,"274":4,"275":4,"276":4,"277":8,"278":8,"279":8,"280":28,"281":28,"282":28,"283":28,"284":8,"285":8,"286":4,"287":4,"288":4,"289":4,"290":4,"291":4,"292":4,"293":4,"294":4,"295":8,"296":8,"297":8,"298":8,"299":0,"300":0,"301":0,"302":0,"303":4,"304":4,"305":4,"306":0,"307":0,"308":0,"309":0,"310":0,"311":0,"312":0,"313":0,"314":0,"315":0,"316":0,"317":0,"318":4,"319":4,"320":4,"321":0,"322":4,"323":4,"324":4,"325":4,"326":4,"327":8,"328":4,"329":4,"330":4,"331":4,"332":4,"333":4,"334":4,"335":8,"336":8,"337":8,"338":8,"339":8,"340":4,"341":8,"342":4,"343":8,"344":8,"345":8,"346":4,"347":4,"348":4,"349":0,"350":0,"351":0,"352":0,"353":4,"354":4,"355":4,"356":4,"357":0,"358":4,"359":4,"360":4,"361":4,"362":4,"363":28,"364":28,"365":28,"366":28,"367":4,"368":0,"369":0,"370":0,"371":0,"372":0,"373":0,"374":0,"375":0,"376":0,"377":0,"378":0,"379":0,"380":0,"381":0,"382":0,"383":0,"384":0,"385":0,"386":0,"387":0,"388":0,"389":0,"390":0,"391":0,"392":0,"393":0,"394":0,"395":0,"396":0,"397":0,"398":0,"399":0,"400":0,"401":0,"402":0,"403":0,"404":0,"405":0,"406":0,"407":0,"408":0,"409":0,"410":0,"411":0,"412":0,"413":0,"414":0,"415":0,"416":0,"417":0,"418":0,"419":0,"420":0,"421":0,"422":0,"423":0,"424":20,"425":0,"426":20,"427":20,"428":0,"429":0,"430":1,"431":4},"f":{"0":4,"1":0,"2":0,"3":4,"4":0,"5":0,"6":0,"7":0,"8":0,"9":0,"10":0,"11":4,"12":4,"13":4,"14":4,"15":4,"16":0,"17":4,"18":4,"19":4,"20":4,"21":4,"22":4,"23":4,"24":4,"25":0,"26":0,"27":0,"28":0,"29":0,"30":0,"31":4,"32":40,"33":0,"34":48,"35":4,"36":4,"37":8,"38":28,"39":28,"40":4,"41":4,"42":4,"43":8,"44":8,"45":8,"46":8,"47":0,"48":0,"49":0,"50":4,"51":4,"52":4,"53":8,"54":8,"55":8,"56":4,"57":0,"58":0,"59":4,"60":4,"61":28,"62":28,"63":0,"64":0,"65":0,"66":0,"67":0,"68":0,"69":20,"70":4},"b":{"0":[4,0],"1":[4,0],"2":[4,0],"3":[0,0],"4":[0,0],"5":[0,0],"6":[0,0],"7":[0,0],"8":[0,0],"9":[0,0],"10":[4,0],"11":[0,4],"12":[4,0],"13":[0,4],"14":[0,0],"15":[4,0],"16":[20,0],"17":[0,20],"18":[20,0],"19":[40,20],"20":[20,20],"21":[8,12],"22":[20,20],"23":[4,4],"24":[12,48],"25":[60,20],"26":[4,4],"27":[4,0],"28":[0,4],"29":[4,0],"30":[0,0],"31":[0,0],"32":[0,4],"33":[0,0],"34":[0,0],"35":[0,0],"36":[0,0],"37":[0,0],"38":[0,0],"39":[0,0],"40":[0,0],"41":[0,0],"42":[0,0],"43":[0,0],"44":[0,0],"45":[0,0],"46":[4,0],"47":[0,4],"48":[0,4],"49":[0,4],"50":[0,0],"51":[0,0],"52":[0,0],"53":[0,0],"54":[0,4],"55":[0,0],"56":[0,0],"57":[0,0],"58":[0,0],"59":[0,0],"60":[0,0],"61":[0,20],"62":[20,0]},"_coverageSchema":"43e27e138ebf9cfc5966b082cf9a028302ed4184","hash":"fd931a8fb6da93c673ad0fb503beb2535c600809"}
}
