TN:
SF:/Users/amandusbutzer/Workspaces/Leaflet.Heightgraph/src/L.Control.Heightgraph.js
FN:26,(anonymous_0)
FN:35,(anonymous_1)
FN:50,(anonymous_2)
FN:59,(anonymous_3)
FN:74,(anonymous_4)
FN:83,(anonymous_5)
FN:93,(anonymous_6)
FN:119,(anonymous_7)
FN:129,(anonymous_8)
FN:142,(anonymous_9)
FN:151,(anonymous_10)
FN:156,(anonymous_11)
FN:166,(anonymous_12)
FN:179,(anonymous_13)
FN:205,(anonymous_14)
FN:228,(anonymous_15)
FN:253,(anonymous_16)
FN:361,(anonymous_17)
FN:374,(anonymous_18)
FN:429,(anonymous_19)
FN:444,(anonymous_20)
FN:503,(anonymous_21)
FN:529,(anonymous_22)
FN:534,(anonymous_23)
FN:538,(anonymous_24)
FN:556,(anonymous_25)
FN:567,(anonymous_26)
FN:567,(anonymous_27)
FN:568,(anonymous_28)
FN:569,(anonymous_29)
FN:570,(anonymous_30)
FN:576,(anonymous_31)
FN:586,(anonymous_32)
FN:595,(anonymous_33)
FN:610,(anonymous_34)
FN:614,(anonymous_35)
FN:621,(anonymous_36)
FN:632,(anonymous_37)
FN:660,(anonymous_38)
FN:685,(anonymous_39)
FN:688,(anonymous_40)
FN:692,(anonymous_41)
FN:702,(anonymous_42)
FN:707,(anonymous_43)
FN:714,(anonymous_44)
FN:737,(anonymous_45)
FN:737,(anonymous_46)
FN:737,(anonymous_47)
FN:737,(anonymous_48)
FN:737,(anonymous_49)
FN:741,(anonymous_50)
FN:755,(anonymous_51)
FN:764,(anonymous_52)
FN:775,(anonymous_53)
FN:789,(anonymous_54)
FN:805,(anonymous_55)
FN:819,(anonymous_56)
FN:824,(anonymous_57)
FN:839,(anonymous_58)
FN:840,(anonymous_59)
FN:846,(anonymous_60)
FN:857,(anonymous_61)
FN:871,(anonymous_62)
FN:875,(anonymous_63)
FN:879,(anonymous_64)
FN:891,(anonymous_65)
FN:903,(anonymous_66)
FN:937,(anonymous_67)
FN:938,(anonymous_68)
FN:945,(anonymous_69)
FN:948,(anonymous_70)
FN:981,(anonymous_71)
FN:990,(anonymous_72)
FNF:73
FNH:42
FNDA:5,(anonymous_0)
FNDA:0,(anonymous_1)
FNDA:0,(anonymous_2)
FNDA:5,(anonymous_3)
FNDA:0,(anonymous_4)
FNDA:0,(anonymous_5)
FNDA:0,(anonymous_6)
FNDA:0,(anonymous_7)
FNDA:0,(anonymous_8)
FNDA:0,(anonymous_9)
FNDA:0,(anonymous_10)
FNDA:0,(anonymous_11)
FNDA:0,(anonymous_12)
FNDA:5,(anonymous_13)
FNDA:0,(anonymous_14)
FNDA:5,(anonymous_15)
FNDA:5,(anonymous_16)
FNDA:5,(anonymous_17)
FNDA:0,(anonymous_18)
FNDA:5,(anonymous_19)
FNDA:5,(anonymous_20)
FNDA:5,(anonymous_21)
FNDA:0,(anonymous_22)
FNDA:0,(anonymous_23)
FNDA:0,(anonymous_24)
FNDA:0,(anonymous_25)
FNDA:5,(anonymous_26)
FNDA:5,(anonymous_27)
FNDA:5,(anonymous_28)
FNDA:5,(anonymous_29)
FNDA:5,(anonymous_30)
FNDA:0,(anonymous_31)
FNDA:0,(anonymous_32)
FNDA:5,(anonymous_33)
FNDA:50,(anonymous_34)
FNDA:0,(anonymous_35)
FNDA:60,(anonymous_36)
FNDA:5,(anonymous_37)
FNDA:5,(anonymous_38)
FNDA:10,(anonymous_39)
FNDA:35,(anonymous_40)
FNDA:35,(anonymous_41)
FNDA:5,(anonymous_42)
FNDA:5,(anonymous_43)
FNDA:5,(anonymous_44)
FNDA:10,(anonymous_45)
FNDA:10,(anonymous_46)
FNDA:10,(anonymous_47)
FNDA:10,(anonymous_48)
FNDA:0,(anonymous_49)
FNDA:5,(anonymous_50)
FNDA:5,(anonymous_51)
FNDA:0,(anonymous_52)
FNDA:0,(anonymous_53)
FNDA:5,(anonymous_54)
FNDA:10,(anonymous_55)
FNDA:10,(anonymous_56)
FNDA:10,(anonymous_57)
FNDA:5,(anonymous_58)
FNDA:0,(anonymous_59)
FNDA:0,(anonymous_60)
FNDA:5,(anonymous_61)
FNDA:5,(anonymous_62)
FNDA:35,(anonymous_63)
FNDA:35,(anonymous_64)
FNDA:0,(anonymous_65)
FNDA:0,(anonymous_66)
FNDA:0,(anonymous_67)
FNDA:0,(anonymous_68)
FNDA:0,(anonymous_69)
FNDA:0,(anonymous_70)
FNDA:25,(anonymous_71)
FNDA:5,(anonymous_72)
DA:1,1
DA:27,5
DA:28,5
DA:29,5
DA:30,5
DA:31,5
DA:32,5
DA:33,5
DA:36,0
DA:37,0
DA:38,0
DA:39,0
DA:40,0
DA:41,0
DA:42,0
DA:43,0
DA:44,0
DA:48,0
DA:51,0
DA:52,0
DA:53,0
DA:60,5
DA:61,5
DA:64,5
DA:65,5
DA:66,5
DA:67,5
DA:68,5
DA:69,5
DA:70,5
DA:71,5
DA:72,5
DA:75,0
DA:76,0
DA:78,0
DA:80,0
DA:81,0
DA:85,0
DA:86,0
DA:87,0
DA:88,0
DA:94,0
DA:95,0
DA:97,0
DA:98,0
DA:99,0
DA:100,0
DA:101,0
DA:102,0
DA:103,0
DA:112,0
DA:120,0
DA:121,0
DA:122,0
DA:123,0
DA:130,0
DA:131,0
DA:132,0
DA:133,0
DA:134,0
DA:136,0
DA:137,0
DA:138,0
DA:139,0
DA:140,0
DA:143,0
DA:144,0
DA:145,0
DA:146,0
DA:152,0
DA:153,0
DA:155,0
DA:156,0
DA:157,0
DA:158,0
DA:161,0
DA:167,0
DA:169,0
DA:170,0
DA:172,0
DA:174,0
DA:180,5
DA:181,5
DA:183,5
DA:186,5
DA:189,0
DA:191,0
DA:194,0
DA:197,5
DA:198,5
DA:199,0
DA:206,0
DA:208,0
DA:211,0
DA:214,0
DA:217,0
DA:219,0
DA:221,0
DA:228,5
DA:254,5
DA:255,5
DA:256,5
DA:257,5
DA:258,5
DA:259,5
DA:260,5
DA:261,5
DA:263,5
DA:264,5
DA:265,5
DA:267,5
DA:268,10
DA:269,10
DA:270,10
DA:274,10
DA:275,10
DA:276,10
DA:277,10
DA:278,10
DA:279,10
DA:280,10
DA:283,25
DA:284,25
DA:286,25
DA:289,25
DA:290,25
DA:291,0
DA:292,0
DA:294,25
DA:295,25
DA:296,25
DA:299,0
DA:300,0
DA:302,25
DA:305,25
DA:307,25
DA:308,25
DA:310,25
DA:311,75
DA:312,75
DA:315,75
DA:316,50
DA:317,50
DA:319,50
DA:320,50
DA:321,25
DA:322,25
DA:323,25
DA:325,50
DA:326,25
DA:327,10
DA:328,5
DA:329,5
DA:331,10
DA:335,75
DA:336,15
DA:338,60
DA:340,75
DA:350,25
DA:351,25
DA:353,10
DA:354,5
DA:362,5
DA:363,5
DA:364,5
DA:365,5
DA:366,5
DA:375,0
DA:376,0
DA:377,0
DA:378,0
DA:379,0
DA:385,0
DA:387,0
DA:389,0
DA:391,0
DA:393,0
DA:394,0
DA:400,0
DA:401,0
DA:406,0
DA:408,0
DA:411,0
DA:415,0
DA:419,0
DA:421,0
DA:422,0
DA:430,5
DA:431,5
DA:432,5
DA:433,10
DA:435,5
DA:436,5
DA:437,5
DA:438,5
DA:439,5
DA:445,5
DA:446,5
DA:447,5
DA:448,0
DA:449,0
DA:451,5
DA:454,5
DA:459,5
DA:465,5
DA:471,5
DA:477,5
DA:482,5
DA:484,5
DA:486,5
DA:487,5
DA:490,5
DA:492,5
DA:495,5
DA:497,5
DA:504,5
DA:505,5
DA:512,5
DA:519,5
DA:529,5
DA:530,0
DA:531,0
DA:534,5
DA:535,0
DA:536,0
DA:537,0
DA:538,0
DA:541,0
DA:544,0
DA:545,0
DA:547,0
DA:549,0
DA:552,0
DA:553,0
DA:556,5
DA:557,0
DA:559,0
DA:561,0
DA:562,0
DA:565,5
DA:567,5
DA:568,5
DA:569,5
DA:570,5
DA:577,0
DA:578,0
DA:587,0
DA:588,0
DA:596,5
DA:597,5
DA:598,5
DA:599,5
DA:600,5
DA:601,5
DA:603,5
DA:605,5
DA:606,5
DA:607,5
DA:608,5
DA:610,50
DA:612,0
DA:614,0
DA:616,5
DA:617,0
DA:619,5
DA:621,60
DA:622,5
DA:623,0
DA:625,5
DA:633,5
DA:644,5
DA:645,0
DA:648,0
DA:650,5
DA:654,5
DA:661,5
DA:667,5
DA:673,5
DA:677,5
DA:686,10
DA:687,10
DA:688,10
DA:689,35
DA:690,35
DA:691,35
DA:692,35
DA:693,10
DA:695,10
DA:703,5
DA:708,5
DA:715,5
DA:716,5
DA:717,5
DA:718,5
DA:719,5
DA:736,5
DA:737,10
DA:738,0
DA:739,0
DA:741,5
DA:742,5
DA:743,5
DA:748,5
DA:749,5
DA:755,5
DA:759,5
DA:760,5
DA:762,5
DA:764,5
DA:765,0
DA:766,0
DA:767,0
DA:769,0
DA:770,0
DA:771,0
DA:772,0
DA:775,5
DA:776,0
DA:777,0
DA:778,0
DA:780,0
DA:781,0
DA:782,0
DA:783,0
DA:790,5
DA:791,5
DA:792,5
DA:793,10
DA:795,5
DA:796,5
DA:797,5
DA:802,5
DA:803,5
DA:804,5
DA:806,10
DA:807,10
DA:808,10
DA:809,10
DA:810,10
DA:812,5
DA:819,10
DA:820,5
DA:825,10
DA:826,10
DA:827,10
DA:829,5
DA:834,5
DA:839,5
DA:841,0
DA:843,0
DA:847,0
DA:849,0
DA:858,5
DA:859,5
DA:860,5
DA:861,0
DA:865,5
DA:866,5
DA:872,5
DA:873,5
DA:874,5
DA:876,35
DA:877,35
DA:880,35
DA:881,35
DA:884,5
DA:892,0
DA:893,0
DA:894,0
DA:895,0
DA:896,0
DA:897,0
DA:904,0
DA:906,0
DA:907,0
DA:908,0
DA:909,0
DA:910,0
DA:912,0
DA:914,0
DA:915,0
DA:916,0
DA:917,0
DA:918,0
DA:919,0
DA:920,0
DA:923,0
DA:924,0
DA:925,0
DA:926,0
DA:929,0
DA:930,0
DA:938,0
DA:939,0
DA:940,0
DA:946,0
DA:948,0
DA:950,0
DA:951,0
DA:952,0
DA:953,0
DA:957,0
DA:958,0
DA:959,0
DA:960,0
DA:961,0
DA:962,0
DA:965,0
DA:967,0
DA:968,0
DA:969,0
DA:972,0
DA:975,0
DA:976,0
DA:982,25
DA:983,0
DA:984,25
DA:985,25
DA:986,0
DA:987,0
DA:990,1
DA:991,5
LF:422
LH:224
BRDA:60,0,0,5
BRDA:60,0,1,0
BRDA:71,1,0,5
BRDA:71,1,1,0
BRDA:72,2,0,5
BRDA:72,2,1,0
BRDA:75,3,0,0
BRDA:75,3,1,0
BRDA:94,4,0,0
BRDA:94,4,1,0
BRDA:100,5,0,0
BRDA:100,5,1,0
BRDA:100,6,0,0
BRDA:100,6,1,0
BRDA:120,7,0,0
BRDA:120,7,1,0
BRDA:130,8,0,0
BRDA:130,8,1,0
BRDA:130,9,0,0
BRDA:130,9,1,0
BRDA:152,10,0,0
BRDA:152,10,1,0
BRDA:152,11,0,0
BRDA:152,11,1,0
BRDA:157,12,0,0
BRDA:157,12,1,0
BRDA:169,13,0,0
BRDA:169,13,1,0
BRDA:180,14,0,5
BRDA:180,14,1,0
BRDA:198,15,0,0
BRDA:198,15,1,5
BRDA:206,16,0,0
BRDA:206,16,1,0
BRDA:263,17,0,5
BRDA:263,17,1,0
BRDA:289,18,0,25
BRDA:289,18,1,0
BRDA:290,19,0,0
BRDA:290,19,1,25
BRDA:307,20,0,25
BRDA:307,20,1,0
BRDA:315,21,0,50
BRDA:315,21,1,25
BRDA:320,22,0,25
BRDA:320,22,1,25
BRDA:326,23,0,10
BRDA:326,23,1,15
BRDA:326,24,0,25
BRDA:326,24,1,25
BRDA:327,25,0,5
BRDA:327,25,1,5
BRDA:335,26,0,15
BRDA:335,26,1,60
BRDA:335,27,0,75
BRDA:335,27,1,25
BRDA:353,28,0,5
BRDA:353,28,1,5
BRDA:365,29,0,5
BRDA:365,29,1,0
BRDA:365,30,0,0
BRDA:365,30,1,5
BRDA:366,31,0,5
BRDA:366,31,1,0
BRDA:377,32,0,0
BRDA:377,32,1,0
BRDA:421,33,0,0
BRDA:421,33,1,0
BRDA:447,34,0,0
BRDA:447,34,1,5
BRDA:538,35,0,0
BRDA:538,35,1,0
BRDA:539,36,0,0
BRDA:539,36,1,0
BRDA:542,37,0,0
BRDA:542,37,1,0
BRDA:542,38,0,0
BRDA:542,38,1,0
BRDA:543,39,0,0
BRDA:543,39,1,0
BRDA:543,40,0,0
BRDA:543,40,1,0
BRDA:544,41,0,0
BRDA:544,41,1,0
BRDA:550,42,0,0
BRDA:550,42,1,0
BRDA:550,43,0,0
BRDA:550,43,1,0
BRDA:551,44,0,0
BRDA:551,44,1,0
BRDA:551,45,0,0
BRDA:551,45,1,0
BRDA:577,46,0,0
BRDA:577,46,1,0
BRDA:587,47,0,0
BRDA:587,47,1,0
BRDA:607,48,0,5
BRDA:607,48,1,0
BRDA:616,49,0,0
BRDA:616,49,1,5
BRDA:622,50,0,0
BRDA:622,50,1,5
BRDA:644,51,0,0
BRDA:644,51,1,5
BRDA:738,52,0,0
BRDA:738,52,1,0
BRDA:739,53,0,0
BRDA:739,53,1,0
BRDA:748,54,0,0
BRDA:748,54,1,5
BRDA:766,55,0,0
BRDA:766,55,1,0
BRDA:777,56,0,0
BRDA:777,56,1,0
BRDA:892,57,0,0
BRDA:892,57,1,0
BRDA:909,58,0,0
BRDA:909,58,1,0
BRDA:925,59,0,0
BRDA:925,59,1,0
BRDA:929,60,0,0
BRDA:929,60,1,0
BRDA:952,61,0,0
BRDA:952,61,1,0
BRDA:960,62,0,0
BRDA:960,62,1,0
BRDA:982,63,0,0
BRDA:982,63,1,25
BRDA:984,64,0,25
BRDA:984,64,1,0
BRF:130
BRH:36
end_of_record
