TN:
SF:/Users/amandusbutzer/Workspaces/Leaflet.Heightgraph/src/L.Control.Heightgraph.js
FN:27,(anonymous_0)
FN:37,(anonymous_1)
FN:52,(anonymous_2)
FN:61,(anonymous_3)
FN:76,(anonymous_4)
FN:85,(anonymous_5)
FN:95,(anonymous_6)
FN:121,(anonymous_7)
FN:131,(anonymous_8)
FN:144,(anonymous_9)
FN:153,(anonymous_10)
FN:158,(anonymous_11)
FN:168,(anonymous_12)
FN:181,(anonymous_13)
FN:207,(anonymous_14)
FN:230,(anonymous_15)
FN:255,(anonymous_16)
FN:363,(anonymous_17)
FN:376,(anonymous_18)
FN:431,(anonymous_19)
FN:446,(anonymous_20)
FN:505,(anonymous_21)
FN:530,(anonymous_22)
FN:535,(anonymous_23)
FN:539,(anonymous_24)
FN:557,(anonymous_25)
FN:568,(anonymous_26)
FN:568,(anonymous_27)
FN:569,(anonymous_28)
FN:570,(anonymous_29)
FN:571,(anonymous_30)
FN:577,(anonymous_31)
FN:599,(anonymous_32)
FN:608,(anonymous_33)
FN:623,(anonymous_34)
FN:627,(anonymous_35)
FN:634,(anonymous_36)
FN:645,(anonymous_37)
FN:673,(anonymous_38)
FN:698,(anonymous_39)
FN:701,(anonymous_40)
FN:705,(anonymous_41)
FN:715,(anonymous_42)
FN:720,(anonymous_43)
FN:727,(anonymous_44)
FN:750,(anonymous_45)
FN:750,(anonymous_46)
FN:750,(anonymous_47)
FN:750,(anonymous_48)
FN:750,(anonymous_49)
FN:754,(anonymous_50)
FN:768,(anonymous_51)
FN:777,(anonymous_52)
FN:788,(anonymous_53)
FN:802,(anonymous_54)
FN:818,(anonymous_55)
FN:832,(anonymous_56)
FN:837,(anonymous_57)
FN:852,(anonymous_58)
FN:853,(anonymous_59)
FN:859,(anonymous_60)
FN:870,(anonymous_61)
FN:884,(anonymous_62)
FN:888,(anonymous_63)
FN:892,(anonymous_64)
FN:904,(anonymous_65)
FN:913,(anonymous_66)
FN:947,(anonymous_67)
FN:948,(anonymous_68)
FN:955,(anonymous_69)
FN:956,(anonymous_70)
FN:989,(anonymous_71)
FN:998,(anonymous_72)
FNF:73
FNH:42
FNDA:5,(anonymous_0)
FNDA:0,(anonymous_1)
FNDA:0,(anonymous_2)
FNDA:5,(anonymous_3)
FNDA:0,(anonymous_4)
FNDA:0,(anonymous_5)
FNDA:0,(anonymous_6)
FNDA:0,(anonymous_7)
FNDA:0,(anonymous_8)
FNDA:0,(anonymous_9)
FNDA:0,(anonymous_10)
FNDA:0,(anonymous_11)
FNDA:0,(anonymous_12)
FNDA:5,(anonymous_13)
FNDA:0,(anonymous_14)
FNDA:5,(anonymous_15)
FNDA:5,(anonymous_16)
FNDA:5,(anonymous_17)
FNDA:0,(anonymous_18)
FNDA:5,(anonymous_19)
FNDA:5,(anonymous_20)
FNDA:5,(anonymous_21)
FNDA:0,(anonymous_22)
FNDA:0,(anonymous_23)
FNDA:0,(anonymous_24)
FNDA:0,(anonymous_25)
FNDA:5,(anonymous_26)
FNDA:5,(anonymous_27)
FNDA:5,(anonymous_28)
FNDA:5,(anonymous_29)
FNDA:5,(anonymous_30)
FNDA:0,(anonymous_31)
FNDA:0,(anonymous_32)
FNDA:5,(anonymous_33)
FNDA:50,(anonymous_34)
FNDA:0,(anonymous_35)
FNDA:60,(anonymous_36)
FNDA:5,(anonymous_37)
FNDA:5,(anonymous_38)
FNDA:10,(anonymous_39)
FNDA:35,(anonymous_40)
FNDA:35,(anonymous_41)
FNDA:5,(anonymous_42)
FNDA:5,(anonymous_43)
FNDA:5,(anonymous_44)
FNDA:10,(anonymous_45)
FNDA:10,(anonymous_46)
FNDA:10,(anonymous_47)
FNDA:10,(anonymous_48)
FNDA:0,(anonymous_49)
FNDA:5,(anonymous_50)
FNDA:5,(anonymous_51)
FNDA:0,(anonymous_52)
FNDA:0,(anonymous_53)
FNDA:5,(anonymous_54)
FNDA:10,(anonymous_55)
FNDA:10,(anonymous_56)
FNDA:10,(anonymous_57)
FNDA:5,(anonymous_58)
FNDA:0,(anonymous_59)
FNDA:0,(anonymous_60)
FNDA:5,(anonymous_61)
FNDA:5,(anonymous_62)
FNDA:35,(anonymous_63)
FNDA:35,(anonymous_64)
FNDA:0,(anonymous_65)
FNDA:0,(anonymous_66)
FNDA:0,(anonymous_67)
FNDA:0,(anonymous_68)
FNDA:0,(anonymous_69)
FNDA:0,(anonymous_70)
FNDA:25,(anonymous_71)
FNDA:5,(anonymous_72)
DA:1,1
DA:28,5
DA:29,5
DA:30,5
DA:31,5
DA:32,5
DA:33,5
DA:34,5
DA:35,5
DA:38,0
DA:39,0
DA:40,0
DA:41,0
DA:42,0
DA:43,0
DA:44,0
DA:45,0
DA:46,0
DA:50,0
DA:53,0
DA:54,0
DA:55,0
DA:62,5
DA:63,5
DA:66,5
DA:67,5
DA:68,5
DA:69,5
DA:70,5
DA:71,5
DA:72,5
DA:73,5
DA:74,5
DA:77,0
DA:78,0
DA:80,0
DA:82,0
DA:83,0
DA:87,0
DA:88,0
DA:89,0
DA:90,0
DA:96,0
DA:97,0
DA:99,0
DA:100,0
DA:101,0
DA:102,0
DA:103,0
DA:104,0
DA:105,0
DA:114,0
DA:122,0
DA:123,0
DA:124,0
DA:125,0
DA:132,0
DA:133,0
DA:134,0
DA:135,0
DA:136,0
DA:138,0
DA:139,0
DA:140,0
DA:141,0
DA:142,0
DA:145,0
DA:146,0
DA:147,0
DA:148,0
DA:154,0
DA:155,0
DA:157,0
DA:158,0
DA:159,0
DA:160,0
DA:163,0
DA:169,0
DA:171,0
DA:172,0
DA:174,0
DA:176,0
DA:182,5
DA:183,5
DA:185,5
DA:188,5
DA:191,0
DA:193,0
DA:196,0
DA:199,5
DA:200,5
DA:201,0
DA:208,0
DA:210,0
DA:213,0
DA:216,0
DA:219,0
DA:221,0
DA:223,0
DA:230,5
DA:256,5
DA:257,5
DA:258,5
DA:259,5
DA:260,5
DA:261,5
DA:262,5
DA:263,5
DA:265,5
DA:266,5
DA:267,5
DA:269,5
DA:270,10
DA:271,10
DA:272,10
DA:276,10
DA:277,10
DA:278,10
DA:279,10
DA:280,10
DA:281,10
DA:282,10
DA:285,25
DA:286,25
DA:288,25
DA:291,25
DA:292,25
DA:293,0
DA:294,0
DA:296,25
DA:297,25
DA:298,25
DA:301,0
DA:302,0
DA:304,25
DA:307,25
DA:309,25
DA:310,25
DA:312,25
DA:313,75
DA:314,75
DA:317,75
DA:318,50
DA:319,50
DA:321,50
DA:322,50
DA:323,25
DA:324,25
DA:325,25
DA:327,50
DA:328,25
DA:329,10
DA:330,5
DA:331,5
DA:333,10
DA:337,75
DA:338,15
DA:340,60
DA:342,75
DA:352,25
DA:353,25
DA:355,10
DA:356,5
DA:364,5
DA:365,5
DA:366,5
DA:367,5
DA:368,5
DA:377,0
DA:378,0
DA:379,0
DA:380,0
DA:381,0
DA:387,0
DA:389,0
DA:391,0
DA:393,0
DA:395,0
DA:396,0
DA:402,0
DA:403,0
DA:408,0
DA:410,0
DA:413,0
DA:417,0
DA:421,0
DA:423,0
DA:424,0
DA:432,5
DA:433,5
DA:434,5
DA:435,10
DA:437,5
DA:438,5
DA:439,5
DA:440,5
DA:441,5
DA:447,5
DA:448,5
DA:449,5
DA:450,0
DA:451,0
DA:453,5
DA:456,5
DA:461,5
DA:467,5
DA:473,5
DA:479,5
DA:484,5
DA:486,5
DA:488,5
DA:489,5
DA:492,5
DA:494,5
DA:497,5
DA:499,5
DA:506,5
DA:507,5
DA:514,5
DA:520,5
DA:530,5
DA:531,0
DA:532,0
DA:535,5
DA:536,0
DA:537,0
DA:538,0
DA:539,0
DA:542,0
DA:545,0
DA:546,0
DA:548,0
DA:550,0
DA:553,0
DA:554,0
DA:557,5
DA:558,0
DA:560,0
DA:562,0
DA:563,0
DA:566,5
DA:568,5
DA:569,5
DA:570,5
DA:571,5
DA:578,0
DA:579,0
DA:582,0
DA:583,0
DA:584,0
DA:589,0
DA:592,0
DA:600,0
DA:601,0
DA:609,5
DA:610,5
DA:611,5
DA:612,5
DA:613,5
DA:614,5
DA:616,5
DA:618,5
DA:619,5
DA:620,5
DA:621,5
DA:623,50
DA:625,0
DA:627,0
DA:629,5
DA:630,0
DA:632,5
DA:634,60
DA:635,5
DA:636,0
DA:638,5
DA:646,5
DA:657,5
DA:658,0
DA:661,0
DA:663,5
DA:667,5
DA:674,5
DA:680,5
DA:686,5
DA:690,5
DA:699,10
DA:700,10
DA:701,10
DA:702,35
DA:703,35
DA:704,35
DA:705,35
DA:706,10
DA:708,10
DA:716,5
DA:721,5
DA:728,5
DA:729,5
DA:730,5
DA:731,5
DA:732,5
DA:749,5
DA:750,10
DA:751,0
DA:752,0
DA:754,5
DA:755,5
DA:756,5
DA:761,5
DA:762,5
DA:768,5
DA:772,5
DA:773,5
DA:775,5
DA:777,5
DA:778,0
DA:779,0
DA:780,0
DA:782,0
DA:783,0
DA:784,0
DA:785,0
DA:788,5
DA:789,0
DA:790,0
DA:791,0
DA:793,0
DA:794,0
DA:795,0
DA:796,0
DA:803,5
DA:804,5
DA:805,5
DA:806,10
DA:808,5
DA:809,5
DA:810,5
DA:815,5
DA:816,5
DA:817,5
DA:819,10
DA:820,10
DA:821,10
DA:822,10
DA:823,10
DA:825,5
DA:832,10
DA:833,5
DA:838,10
DA:839,10
DA:840,10
DA:842,5
DA:847,5
DA:852,5
DA:854,0
DA:856,0
DA:860,0
DA:862,0
DA:871,5
DA:872,5
DA:873,5
DA:874,0
DA:878,5
DA:879,5
DA:885,5
DA:886,5
DA:887,5
DA:889,35
DA:890,35
DA:893,35
DA:894,35
DA:897,5
DA:905,0
DA:906,0
DA:907,0
DA:914,0
DA:916,0
DA:917,0
DA:918,0
DA:919,0
DA:920,0
DA:922,0
DA:924,0
DA:925,0
DA:926,0
DA:927,0
DA:928,0
DA:929,0
DA:930,0
DA:933,0
DA:934,0
DA:935,0
DA:936,0
DA:939,0
DA:940,0
DA:948,0
DA:949,0
DA:950,0
DA:956,0
DA:958,0
DA:959,0
DA:960,0
DA:961,0
DA:965,0
DA:966,0
DA:967,0
DA:968,0
DA:969,0
DA:970,0
DA:973,0
DA:975,0
DA:976,0
DA:977,0
DA:980,0
DA:983,0
DA:984,0
DA:990,25
DA:991,0
DA:992,25
DA:993,25
DA:994,0
DA:995,0
DA:998,1
DA:999,5
LF:424
LH:225
BRDA:35,0,0,5
BRDA:35,0,1,5
BRDA:62,1,0,5
BRDA:62,1,1,0
BRDA:73,2,0,5
BRDA:73,2,1,0
BRDA:74,3,0,5
BRDA:74,3,1,0
BRDA:77,4,0,0
BRDA:77,4,1,0
BRDA:96,5,0,0
BRDA:96,5,1,0
BRDA:102,6,0,0
BRDA:102,6,1,0
BRDA:102,7,0,0
BRDA:102,7,1,0
BRDA:122,8,0,0
BRDA:122,8,1,0
BRDA:132,9,0,0
BRDA:132,9,1,0
BRDA:132,10,0,0
BRDA:132,10,1,0
BRDA:154,11,0,0
BRDA:154,11,1,0
BRDA:154,12,0,0
BRDA:154,12,1,0
BRDA:159,13,0,0
BRDA:159,13,1,0
BRDA:171,14,0,0
BRDA:171,14,1,0
BRDA:182,15,0,5
BRDA:182,15,1,0
BRDA:200,16,0,0
BRDA:200,16,1,5
BRDA:208,17,0,0
BRDA:208,17,1,0
BRDA:265,18,0,5
BRDA:265,18,1,0
BRDA:291,19,0,25
BRDA:291,19,1,0
BRDA:292,20,0,0
BRDA:292,20,1,25
BRDA:309,21,0,25
BRDA:309,21,1,0
BRDA:317,22,0,50
BRDA:317,22,1,25
BRDA:322,23,0,25
BRDA:322,23,1,25
BRDA:328,24,0,10
BRDA:328,24,1,15
BRDA:328,25,0,25
BRDA:328,25,1,25
BRDA:329,26,0,5
BRDA:329,26,1,5
BRDA:337,27,0,15
BRDA:337,27,1,60
BRDA:337,28,0,75
BRDA:337,28,1,25
BRDA:355,29,0,5
BRDA:355,29,1,5
BRDA:367,30,0,5
BRDA:367,30,1,0
BRDA:367,31,0,0
BRDA:367,31,1,5
BRDA:368,32,0,5
BRDA:368,32,1,0
BRDA:379,33,0,0
BRDA:379,33,1,0
BRDA:423,34,0,0
BRDA:423,34,1,0
BRDA:449,35,0,0
BRDA:449,35,1,5
BRDA:539,36,0,0
BRDA:539,36,1,0
BRDA:540,37,0,0
BRDA:540,37,1,0
BRDA:543,38,0,0
BRDA:543,38,1,0
BRDA:543,39,0,0
BRDA:543,39,1,0
BRDA:544,40,0,0
BRDA:544,40,1,0
BRDA:544,41,0,0
BRDA:544,41,1,0
BRDA:545,42,0,0
BRDA:545,42,1,0
BRDA:551,43,0,0
BRDA:551,43,1,0
BRDA:551,44,0,0
BRDA:551,44,1,0
BRDA:552,45,0,0
BRDA:552,45,1,0
BRDA:552,46,0,0
BRDA:552,46,1,0
BRDA:578,47,0,0
BRDA:578,47,1,0
BRDA:579,48,0,0
BRDA:579,48,1,0
BRDA:600,49,0,0
BRDA:600,49,1,0
BRDA:620,50,0,5
BRDA:620,50,1,0
BRDA:629,51,0,0
BRDA:629,51,1,5
BRDA:635,52,0,0
BRDA:635,52,1,5
BRDA:657,53,0,0
BRDA:657,53,1,5
BRDA:751,54,0,0
BRDA:751,54,1,0
BRDA:752,55,0,0
BRDA:752,55,1,0
BRDA:761,56,0,0
BRDA:761,56,1,5
BRDA:779,57,0,0
BRDA:779,57,1,0
BRDA:790,58,0,0
BRDA:790,58,1,0
BRDA:906,59,0,0
BRDA:906,59,1,0
BRDA:919,60,0,0
BRDA:919,60,1,0
BRDA:935,61,0,0
BRDA:935,61,1,0
BRDA:939,62,0,0
BRDA:939,62,1,0
BRDA:960,63,0,0
BRDA:960,63,1,0
BRDA:968,64,0,0
BRDA:968,64,1,0
BRDA:990,65,0,0
BRDA:990,65,1,25
BRDA:992,66,0,25
BRDA:992,66,1,0
BRF:134
BRH:38
end_of_record
